CRITICAL - 2022-11-08 06:38:27 --> min is not a valid rule.
in SYSTEMPATH\Validation\Validation.php on line 314.
 1 SYSTEMPATH\Validation\Validation.php(314): CodeIgniter\Validation\Exceptions\ValidationException::forRuleNotFound('min')
 2 SYSTEMPATH\Validation\Validation.php(173): CodeIgniter\Validation\Validation->processRules('price', 'price', '100', [...], [...])
 3 SYSTEMPATH\Controller.php(140): CodeIgniter\Validation\Validation->run()
 4 APPPATH\Controllers\ItemController.php(58): CodeIgniter\Controller->validate([...])
 5 SYSTEMPATH\CodeIgniter.php(896): App\Controllers\ItemController->add_item()
 6 SYSTEMPATH\CodeIgniter.php(466): CodeIgniter\CodeIgniter->runController(Object(App\Controllers\ItemController))
 7 SYSTEMPATH\CodeIgniter.php(349): CodeIgniter\CodeIgniter->handleRequest(null, Object(Config\Cache), false)
 8 FCPATH\index.php(55): CodeIgniter\CodeIgniter->run()
CRITICAL - 2022-11-08 06:38:58 --> min is not a valid rule.
in SYSTEMPATH\Validation\Validation.php on line 314.
 1 SYSTEMPATH\Validation\Validation.php(314): CodeIgniter\Validation\Exceptions\ValidationException::forRuleNotFound('min')
 2 SYSTEMPATH\Validation\Validation.php(173): CodeIgniter\Validation\Validation->processRules('price', 'price', '100', [...], [...])
 3 SYSTEMPATH\Controller.php(140): CodeIgniter\Validation\Validation->run()
 4 APPPATH\Controllers\ItemController.php(58): CodeIgniter\Controller->validate([...])
 5 SYSTEMPATH\CodeIgniter.php(896): App\Controllers\ItemController->add_item()
 6 SYSTEMPATH\CodeIgniter.php(466): CodeIgniter\CodeIgniter->runController(Object(App\Controllers\ItemController))
 7 SYSTEMPATH\CodeIgniter.php(349): CodeIgniter\CodeIgniter->handleRequest(null, Object(Config\Cache), false)
 8 FCPATH\index.php(55): CodeIgniter\CodeIgniter->run()
ERROR - 2022-11-08 06:43:33 --> Duplicate entry 'Frenki' for key 'item_name'
CRITICAL - 2022-11-08 06:43:33 --> Duplicate entry 'Frenki' for key 'item_name'
in SYSTEMPATH\Database\MySQLi\Connection.php on line 292.
 1 SYSTEMPATH\Database\MySQLi\Connection.php(292): mysqli->query('INSERT INTO `add_item` (`item_name`, `category`, `description`, `price`, `photo`) VALUES (\'Frenki\', \'Panjabi\', \'Good Panjabi Food...\', \'200\', \'1667911412_5a19e72fbf63e20d8214.jpg\')', 0)
 2 SYSTEMPATH\Database\BaseConnection.php(695): CodeIgniter\Database\MySQLi\Connection->execute('INSERT INTO `add_item` (`item_name`, `category`, `description`, `price`, `photo`) VALUES (\'Frenki\', \'Panjabi\', \'Good Panjabi Food...\', \'200\', \'1667911412_5a19e72fbf63e20d8214.jpg\')')
 3 SYSTEMPATH\Database\BaseConnection.php(609): CodeIgniter\Database\BaseConnection->simpleQuery('INSERT INTO `add_item` (`item_name`, `category`, `description`, `price`, `photo`) VALUES (\'Frenki\', \'Panjabi\', \'Good Panjabi Food...\', \'200\', \'1667911412_5a19e72fbf63e20d8214.jpg\')')
 4 SYSTEMPATH\Database\BaseBuilder.php(1904): CodeIgniter\Database\BaseConnection->query('INSERT INTO `add_item` (`item_name`, `category`, `description`, `price`, `photo`) VALUES (:item_name:, :category:, :description:, :price:, :photo:)', [...], false)
 5 APPPATH\Controllers\ItemController.php(80): CodeIgniter\Database\BaseBuilder->insert([...])
 6 SYSTEMPATH\CodeIgniter.php(896): App\Controllers\ItemController->add_item()
 7 SYSTEMPATH\CodeIgniter.php(466): CodeIgniter\CodeIgniter->runController(Object(App\Controllers\ItemController))
 8 SYSTEMPATH\CodeIgniter.php(349): CodeIgniter\CodeIgniter->handleRequest(null, Object(Config\Cache), false)
 9 FCPATH\index.php(55): CodeIgniter\CodeIgniter->run()
ERROR - 2022-11-08 06:53:54 --> Unknown column 'fn' in 'where clause'
CRITICAL - 2022-11-08 06:53:54 --> Unknown column 'fn' in 'where clause'
in SYSTEMPATH\Database\MySQLi\Connection.php on line 292.
 1 SYSTEMPATH\Database\MySQLi\Connection.php(292): mysqli->query('SELECT 1
FROM `register`
WHERE `fn` = \'Frenki\'
 LIMIT 1', 0)
 2 SYSTEMPATH\Database\BaseConnection.php(695): CodeIgniter\Database\MySQLi\Connection->execute('SELECT 1
FROM `register`
WHERE `fn` = \'Frenki\'
 LIMIT 1')
 3 SYSTEMPATH\Database\BaseConnection.php(609): CodeIgniter\Database\BaseConnection->simpleQuery('SELECT 1
FROM `register`
WHERE `fn` = \'Frenki\'
 LIMIT 1')
 4 SYSTEMPATH\Database\BaseBuilder.php(1585): CodeIgniter\Database\BaseConnection->query('SELECT 1
FROM `register`
WHERE `fn` = :fn:
 LIMIT 1', [...], false)
 5 SYSTEMPATH\Validation\Rules.php(142): CodeIgniter\Database\BaseBuilder->get()
 6 SYSTEMPATH\Validation\Validation.php(306): CodeIgniter\Validation\Rules->is_unique('Frenki', 'fn', [...], null)
 7 SYSTEMPATH\Validation\Validation.php(173): CodeIgniter\Validation\Validation->processRules('fn', 'fn', 'Frenki', [...], [...])
 8 SYSTEMPATH\Controller.php(140): CodeIgniter\Validation\Validation->run()
 9 APPPATH\Controllers\ItemController.php(58): CodeIgniter\Controller->validate([...])
10 SYSTEMPATH\CodeIgniter.php(896): App\Controllers\ItemController->add_item()
11 SYSTEMPATH\CodeIgniter.php(466): CodeIgniter\CodeIgniter->runController(Object(App\Controllers\ItemController))
12 SYSTEMPATH\CodeIgniter.php(349): CodeIgniter\CodeIgniter->handleRequest(null, Object(Config\Cache), false)
13 FCPATH\index.php(55): CodeIgniter\CodeIgniter->run()
ERROR - 2022-11-08 06:54:27 --> Unknown column 'item_name' in 'where clause'
CRITICAL - 2022-11-08 06:54:27 --> Unknown column 'item_name' in 'where clause'
in SYSTEMPATH\Database\MySQLi\Connection.php on line 292.
 1 SYSTEMPATH\Database\MySQLi\Connection.php(292): mysqli->query('SELECT 1
FROM `register`
WHERE `item_name` = \'Frenki\'
 LIMIT 1', 0)
 2 SYSTEMPATH\Database\BaseConnection.php(695): CodeIgniter\Database\MySQLi\Connection->execute('SELECT 1
FROM `register`
WHERE `item_name` = \'Frenki\'
 LIMIT 1')
 3 SYSTEMPATH\Database\BaseConnection.php(609): CodeIgniter\Database\BaseConnection->simpleQuery('SELECT 1
FROM `register`
WHERE `item_name` = \'Frenki\'
 LIMIT 1')
 4 SYSTEMPATH\Database\BaseBuilder.php(1585): CodeIgniter\Database\BaseConnection->query('SELECT 1
FROM `register`
WHERE `item_name` = :item_name:
 LIMIT 1', [...], false)
 5 SYSTEMPATH\Validation\Rules.php(142): CodeIgniter\Database\BaseBuilder->get()
 6 SYSTEMPATH\Validation\Validation.php(306): CodeIgniter\Validation\Rules->is_unique('Frenki', 'item_name', [...], null)
 7 SYSTEMPATH\Validation\Validation.php(173): CodeIgniter\Validation\Validation->processRules('fn', 'fn', 'Frenki', [...], [...])
 8 SYSTEMPATH\Controller.php(140): CodeIgniter\Validation\Validation->run()
 9 APPPATH\Controllers\ItemController.php(58): CodeIgniter\Controller->validate([...])
10 SYSTEMPATH\CodeIgniter.php(896): App\Controllers\ItemController->add_item()
11 SYSTEMPATH\CodeIgniter.php(466): CodeIgniter\CodeIgniter->runController(Object(App\Controllers\ItemController))
12 SYSTEMPATH\CodeIgniter.php(349): CodeIgniter\CodeIgniter->handleRequest(null, Object(Config\Cache), false)
13 FCPATH\index.php(55): CodeIgniter\CodeIgniter->run()
