ERROR - 2022-11-13 03:35:13 --> You have an error in your SQL syntax; check the manual that corresponds to your MariaDB server version for the right syntax to use near ' email='sdhaduk666@rku.ac.in' , item_name='Pizza' ,  catagory='italian' , qua...' at line 1
CRITICAL - 2022-11-13 03:35:13 --> You have an error in your SQL syntax; check the manual that corresponds to your MariaDB server version for the right syntax to use near ' email='sdhaduk666@rku.ac.in' , item_name='Pizza' ,  catagory='italian' , qua...' at line 1
in SYSTEMPATH\Database\MySQLi\Connection.php on line 292.
 1 SYSTEMPATH\Database\MySQLi\Connection.php(292): mysqli->query('select * from orders where fullname=\'Sarthak\' , email=\'sdhaduk666@rku.ac.in\' , item_name=\'Pizza\' ,  catagory=\'italian\' , quantity=\'3\' , one_item_price=\'50\'', 0)
 2 SYSTEMPATH\Database\BaseConnection.php(695): CodeIgniter\Database\MySQLi\Connection->execute('select * from orders where fullname=\'Sarthak\' , email=\'sdhaduk666@rku.ac.in\' , item_name=\'Pizza\' ,  catagory=\'italian\' , quantity=\'3\' , one_item_price=\'50\'')
 3 SYSTEMPATH\Database\BaseConnection.php(609): CodeIgniter\Database\BaseConnection->simpleQuery('select * from orders where fullname=\'Sarthak\' , email=\'sdhaduk666@rku.ac.in\' , item_name=\'Pizza\' ,  catagory=\'italian\' , quantity=\'3\' , one_item_price=\'50\'')
 4 APPPATH\Models\Orders_Model.php(12): CodeIgniter\Database\BaseConnection->query('select * from orders where fullname=\'Sarthak\' , email=\'sdhaduk666@rku.ac.in\' , item_name=\'Pizza\' ,  catagory=\'italian\' , quantity=\'3\' , one_item_price=\'50\'')
 5 APPPATH\Controllers\OrdersController.php(38): App\Models\Orders_Model->fetch_data('Sarthak', 'sdhaduk666@rku.ac.in', 'Pizza', 'italian', '3', '50')
 6 SYSTEMPATH\CodeIgniter.php(896): App\Controllers\OrdersController->edit_orderd_table()
 7 SYSTEMPATH\CodeIgniter.php(466): CodeIgniter\CodeIgniter->runController(Object(App\Controllers\OrdersController))
 8 SYSTEMPATH\CodeIgniter.php(349): CodeIgniter\CodeIgniter->handleRequest(null, Object(Config\Cache), false)
 9 FCPATH\index.php(55): CodeIgniter\CodeIgniter->run()
ERROR - 2022-11-13 03:37:49 --> You have an error in your SQL syntax; check the manual that corresponds to your MariaDB server version for the right syntax to use near ' email='sdhaduk666@rku.ac.in' , item_name='Pizza' ,  catagory='italian' , qua...' at line 1
CRITICAL - 2022-11-13 03:37:49 --> You have an error in your SQL syntax; check the manual that corresponds to your MariaDB server version for the right syntax to use near ' email='sdhaduk666@rku.ac.in' , item_name='Pizza' ,  catagory='italian' , qua...' at line 1
in SYSTEMPATH\Database\MySQLi\Connection.php on line 292.
 1 SYSTEMPATH\Database\MySQLi\Connection.php(292): mysqli->query('select * from orders where fullname=\'Sarthak\' , email=\'sdhaduk666@rku.ac.in\' , item_name=\'Pizza\' ,  catagory=\'italian\' , quantity=\'3\' , one_item_price=\'50\'', 0)
 2 SYSTEMPATH\Database\BaseConnection.php(695): CodeIgniter\Database\MySQLi\Connection->execute('select * from orders where fullname=\'Sarthak\' , email=\'sdhaduk666@rku.ac.in\' , item_name=\'Pizza\' ,  catagory=\'italian\' , quantity=\'3\' , one_item_price=\'50\'')
 3 SYSTEMPATH\Database\BaseConnection.php(609): CodeIgniter\Database\BaseConnection->simpleQuery('select * from orders where fullname=\'Sarthak\' , email=\'sdhaduk666@rku.ac.in\' , item_name=\'Pizza\' ,  catagory=\'italian\' , quantity=\'3\' , one_item_price=\'50\'')
 4 APPPATH\Models\Orders_Model.php(12): CodeIgniter\Database\BaseConnection->query('select * from orders where fullname=\'Sarthak\' , email=\'sdhaduk666@rku.ac.in\' , item_name=\'Pizza\' ,  catagory=\'italian\' , quantity=\'3\' , one_item_price=\'50\'')
 5 APPPATH\Controllers\OrdersController.php(38): App\Models\Orders_Model->fetch_data('Sarthak', 'sdhaduk666@rku.ac.in', 'Pizza', 'italian', '3', '50')
 6 SYSTEMPATH\CodeIgniter.php(896): App\Controllers\OrdersController->edit_orderd_table()
 7 SYSTEMPATH\CodeIgniter.php(466): CodeIgniter\CodeIgniter->runController(Object(App\Controllers\OrdersController))
 8 SYSTEMPATH\CodeIgniter.php(349): CodeIgniter\CodeIgniter->handleRequest(null, Object(Config\Cache), false)
 9 FCPATH\index.php(55): CodeIgniter\CodeIgniter->run()
CRITICAL - 2022-11-13 03:41:29 --> Undefined property: stdClass::$eamil
in APPPATH\Views\edit_orderd_table.php on line 78.
 1 APPPATH\Views\edit_orderd_table.php(78): CodeIgniter\Debug\Exceptions->errorHandler(8, 'Undefined property: stdClass::$eamil', 'APPPATH\\Views\\edit_orderd_table.php', 78, [...])
 2 SYSTEMPATH\View\View.php(213): include('APPPATH\\Views\\edit_orderd_table.php')
 3 SYSTEMPATH\View\View.php(216): CodeIgniter\View\View->CodeIgniter\View\{closure}()
 4 SYSTEMPATH\Common.php(1135): CodeIgniter\View\View->render('edit_orderd_table', [], true)
 5 APPPATH\Controllers\OrdersController.php(40): view('edit_orderd_table', [...])
 6 SYSTEMPATH\CodeIgniter.php(896): App\Controllers\OrdersController->edit_orderd_table()
 7 SYSTEMPATH\CodeIgniter.php(466): CodeIgniter\CodeIgniter->runController(Object(App\Controllers\OrdersController))
 8 SYSTEMPATH\CodeIgniter.php(349): CodeIgniter\CodeIgniter->handleRequest(null, Object(Config\Cache), false)
 9 FCPATH\index.php(55): CodeIgniter\CodeIgniter->run()
CRITICAL - 2022-11-13 06:58:39 --> Trying to get property 'fullname' of non-object
in APPPATH\Views\edit_review_table.php on line 37.
 1 APPPATH\Views\edit_review_table.php(37): CodeIgniter\Debug\Exceptions->errorHandler(8, 'Trying to get property \'fullname\' of non-object', 'APPPATH\\Views\\edit_review_table.php', 37, [...])
 2 SYSTEMPATH\View\View.php(213): include('APPPATH\\Views\\edit_review_table.php')
 3 SYSTEMPATH\View\View.php(216): CodeIgniter\View\View->CodeIgniter\View\{closure}()
 4 SYSTEMPATH\Common.php(1135): CodeIgniter\View\View->render('edit_review_table', [], true)
 5 APPPATH\Controllers\ReviewsController.php(36): view('edit_review_table', [...])
 6 SYSTEMPATH\CodeIgniter.php(896): App\Controllers\ReviewsController->edit_review_table()
 7 SYSTEMPATH\CodeIgniter.php(466): CodeIgniter\CodeIgniter->runController(Object(App\Controllers\ReviewsController))
 8 SYSTEMPATH\CodeIgniter.php(349): CodeIgniter\CodeIgniter->handleRequest(null, Object(Config\Cache), false)
 9 FCPATH\index.php(55): CodeIgniter\CodeIgniter->run()
CRITICAL - 2022-11-13 06:59:48 --> Invalid file: review.php
in SYSTEMPATH\Exceptions\FrameworkException.php on line 33.
 1 SYSTEMPATH\View\View.php(201): CodeIgniter\Exceptions\FrameworkException::forInvalidFile('review.php')
 2 SYSTEMPATH\Common.php(1135): CodeIgniter\View\View->render('review', [], true)
 3 APPPATH\Controllers\ReviewsController.php(127): view('review', [...])
 4 SYSTEMPATH\CodeIgniter.php(896): App\Controllers\ReviewsController->delete_review_table()
 5 SYSTEMPATH\CodeIgniter.php(466): CodeIgniter\CodeIgniter->runController(Object(App\Controllers\ReviewsController))
 6 SYSTEMPATH\CodeIgniter.php(349): CodeIgniter\CodeIgniter->handleRequest(null, Object(Config\Cache), false)
 7 FCPATH\index.php(55): CodeIgniter\CodeIgniter->run()
CRITICAL - 2022-11-13 11:14:42 --> Undefined variable: userdata
in APPPATH\Views\single-product.php on line 27.
 1 APPPATH\Views\single-product.php(27): CodeIgniter\Debug\Exceptions->errorHandler(8, 'Undefined variable: userdata', 'APPPATH\\Views\\single-product.php', 27, [])
 2 SYSTEMPATH\View\View.php(213): include('APPPATH\\Views\\single-product.php')
 3 SYSTEMPATH\View\View.php(216): CodeIgniter\View\View->CodeIgniter\View\{closure}()
 4 SYSTEMPATH\Common.php(1135): CodeIgniter\View\View->render('single-product', [], true)
 5 APPPATH\Controllers\Home.php(29): view('single-product')
 6 SYSTEMPATH\CodeIgniter.php(896): App\Controllers\Home->s_product()
 7 SYSTEMPATH\CodeIgniter.php(466): CodeIgniter\CodeIgniter->runController(Object(App\Controllers\Home))
 8 SYSTEMPATH\CodeIgniter.php(349): CodeIgniter\CodeIgniter->handleRequest(null, Object(Config\Cache), false)
 9 FCPATH\index.php(55): CodeIgniter\CodeIgniter->run()
CRITICAL - 2022-11-13 11:18:25 --> Illegal string offset 'photo'
in APPPATH\Views\single-product.php on line 28.
 1 APPPATH\Views\single-product.php(28): CodeIgniter\Debug\Exceptions->errorHandler(2, 'Illegal string offset \'photo\'', 'APPPATH\\Views\\single-product.php', 28, [...])
 2 SYSTEMPATH\View\View.php(213): include('APPPATH\\Views\\single-product.php')
 3 SYSTEMPATH\View\View.php(216): CodeIgniter\View\View->CodeIgniter\View\{closure}()
 4 SYSTEMPATH\Common.php(1135): CodeIgniter\View\View->render('single-product', [], true)
 5 APPPATH\Controllers\ItemController.php(33): view('single-product', [...])
 6 SYSTEMPATH\CodeIgniter.php(896): App\Controllers\ItemController->Single_Item_Web()
 7 SYSTEMPATH\CodeIgniter.php(466): CodeIgniter\CodeIgniter->runController(Object(App\Controllers\ItemController))
 8 SYSTEMPATH\CodeIgniter.php(349): CodeIgniter\CodeIgniter->handleRequest(null, Object(Config\Cache), false)
 9 FCPATH\index.php(55): CodeIgniter\CodeIgniter->run()
CRITICAL - 2022-11-13 11:19:44 --> Illegal string offset 'photo'
in APPPATH\Views\single-product.php on line 28.
 1 APPPATH\Views\single-product.php(28): CodeIgniter\Debug\Exceptions->errorHandler(2, 'Illegal string offset \'photo\'', 'APPPATH\\Views\\single-product.php', 28, [...])
 2 SYSTEMPATH\View\View.php(213): include('APPPATH\\Views\\single-product.php')
 3 SYSTEMPATH\View\View.php(216): CodeIgniter\View\View->CodeIgniter\View\{closure}()
 4 SYSTEMPATH\Common.php(1135): CodeIgniter\View\View->render('single-product', [], true)
 5 APPPATH\Controllers\ItemController.php(33): view('single-product', [...])
 6 SYSTEMPATH\CodeIgniter.php(896): App\Controllers\ItemController->Single_Item_Web()
 7 SYSTEMPATH\CodeIgniter.php(466): CodeIgniter\CodeIgniter->runController(Object(App\Controllers\ItemController))
 8 SYSTEMPATH\CodeIgniter.php(349): CodeIgniter\CodeIgniter->handleRequest(null, Object(Config\Cache), false)
 9 FCPATH\index.php(55): CodeIgniter\CodeIgniter->run()
CRITICAL - 2022-11-13 11:23:10 --> Illegal string offset 'item_name'
in APPPATH\Views\single-product.php on line 36.
 1 APPPATH\Views\single-product.php(36): CodeIgniter\Debug\Exceptions->errorHandler(2, 'Illegal string offset \'item_name\'', 'APPPATH\\Views\\single-product.php', 36, [...])
 2 SYSTEMPATH\View\View.php(213): include('APPPATH\\Views\\single-product.php')
 3 SYSTEMPATH\View\View.php(216): CodeIgniter\View\View->CodeIgniter\View\{closure}()
 4 SYSTEMPATH\Common.php(1135): CodeIgniter\View\View->render('single-product', [], true)
 5 APPPATH\Controllers\ItemController.php(33): view('single-product', [...])
 6 SYSTEMPATH\CodeIgniter.php(896): App\Controllers\ItemController->Single_Item_Web()
 7 SYSTEMPATH\CodeIgniter.php(466): CodeIgniter\CodeIgniter->runController(Object(App\Controllers\ItemController))
 8 SYSTEMPATH\CodeIgniter.php(349): CodeIgniter\CodeIgniter->handleRequest(null, Object(Config\Cache), false)
 9 FCPATH\index.php(55): CodeIgniter\CodeIgniter->run()
CRITICAL - 2022-11-13 11:28:08 --> Illegal string offset 'photo'
in APPPATH\Views\single-product.php on line 29.
 1 APPPATH\Views\single-product.php(29): CodeIgniter\Debug\Exceptions->errorHandler(2, 'Illegal string offset \'photo\'', 'APPPATH\\Views\\single-product.php', 29, [...])
 2 SYSTEMPATH\View\View.php(213): include('APPPATH\\Views\\single-product.php')
 3 SYSTEMPATH\View\View.php(216): CodeIgniter\View\View->CodeIgniter\View\{closure}()
 4 SYSTEMPATH\Common.php(1135): CodeIgniter\View\View->render('single-product', [], true)
 5 APPPATH\Controllers\ItemController.php(33): view('single-product', [...])
 6 SYSTEMPATH\CodeIgniter.php(896): App\Controllers\ItemController->Single_Item_Web()
 7 SYSTEMPATH\CodeIgniter.php(466): CodeIgniter\CodeIgniter->runController(Object(App\Controllers\ItemController))
 8 SYSTEMPATH\CodeIgniter.php(349): CodeIgniter\CodeIgniter->handleRequest(null, Object(Config\Cache), false)
 9 FCPATH\index.php(55): CodeIgniter\CodeIgniter->run()
CRITICAL - 2022-11-13 11:28:24 --> Illegal string offset 'photo'
in APPPATH\Views\single-product.php on line 29.
 1 APPPATH\Views\single-product.php(29): CodeIgniter\Debug\Exceptions->errorHandler(2, 'Illegal string offset \'photo\'', 'APPPATH\\Views\\single-product.php', 29, [...])
 2 SYSTEMPATH\View\View.php(213): include('APPPATH\\Views\\single-product.php')
 3 SYSTEMPATH\View\View.php(216): CodeIgniter\View\View->CodeIgniter\View\{closure}()
 4 SYSTEMPATH\Common.php(1135): CodeIgniter\View\View->render('single-product', [], true)
 5 APPPATH\Controllers\ItemController.php(33): view('single-product', [...])
 6 SYSTEMPATH\CodeIgniter.php(896): App\Controllers\ItemController->Single_Item_Web()
 7 SYSTEMPATH\CodeIgniter.php(466): CodeIgniter\CodeIgniter->runController(Object(App\Controllers\ItemController))
 8 SYSTEMPATH\CodeIgniter.php(349): CodeIgniter\CodeIgniter->handleRequest(null, Object(Config\Cache), false)
 9 FCPATH\index.php(55): CodeIgniter\CodeIgniter->run()
CRITICAL - 2022-11-13 11:41:00 --> Illegal string offset 'photo'
in APPPATH\Views\single-product.php on line 28.
 1 APPPATH\Views\single-product.php(28): CodeIgniter\Debug\Exceptions->errorHandler(2, 'Illegal string offset \'photo\'', 'APPPATH\\Views\\single-product.php', 28, [...])
 2 SYSTEMPATH\View\View.php(213): include('APPPATH\\Views\\single-product.php')
 3 SYSTEMPATH\View\View.php(216): CodeIgniter\View\View->CodeIgniter\View\{closure}()
 4 SYSTEMPATH\Common.php(1135): CodeIgniter\View\View->render('single-product', [], true)
 5 APPPATH\Controllers\ItemController.php(33): view('single-product', [...])
 6 SYSTEMPATH\CodeIgniter.php(896): App\Controllers\ItemController->Single_Item_Web()
 7 SYSTEMPATH\CodeIgniter.php(466): CodeIgniter\CodeIgniter->runController(Object(App\Controllers\ItemController))
 8 SYSTEMPATH\CodeIgniter.php(349): CodeIgniter\CodeIgniter->handleRequest(null, Object(Config\Cache), false)
 9 FCPATH\index.php(55): CodeIgniter\CodeIgniter->run()
CRITICAL - 2022-11-13 11:41:01 --> Illegal string offset 'photo'
in APPPATH\Views\single-product.php on line 28.
 1 APPPATH\Views\single-product.php(28): CodeIgniter\Debug\Exceptions->errorHandler(2, 'Illegal string offset \'photo\'', 'APPPATH\\Views\\single-product.php', 28, [...])
 2 SYSTEMPATH\View\View.php(213): include('APPPATH\\Views\\single-product.php')
 3 SYSTEMPATH\View\View.php(216): CodeIgniter\View\View->CodeIgniter\View\{closure}()
 4 SYSTEMPATH\Common.php(1135): CodeIgniter\View\View->render('single-product', [], true)
 5 APPPATH\Controllers\ItemController.php(33): view('single-product', [...])
 6 SYSTEMPATH\CodeIgniter.php(896): App\Controllers\ItemController->Single_Item_Web()
 7 SYSTEMPATH\CodeIgniter.php(466): CodeIgniter\CodeIgniter->runController(Object(App\Controllers\ItemController))
 8 SYSTEMPATH\CodeIgniter.php(349): CodeIgniter\CodeIgniter->handleRequest(null, Object(Config\Cache), false)
 9 FCPATH\index.php(55): CodeIgniter\CodeIgniter->run()
CRITICAL - 2022-11-13 11:41:01 --> Illegal string offset 'photo'
in APPPATH\Views\single-product.php on line 28.
 1 APPPATH\Views\single-product.php(28): CodeIgniter\Debug\Exceptions->errorHandler(2, 'Illegal string offset \'photo\'', 'APPPATH\\Views\\single-product.php', 28, [...])
 2 SYSTEMPATH\View\View.php(213): include('APPPATH\\Views\\single-product.php')
 3 SYSTEMPATH\View\View.php(216): CodeIgniter\View\View->CodeIgniter\View\{closure}()
 4 SYSTEMPATH\Common.php(1135): CodeIgniter\View\View->render('single-product', [], true)
 5 APPPATH\Controllers\ItemController.php(33): view('single-product', [...])
 6 SYSTEMPATH\CodeIgniter.php(896): App\Controllers\ItemController->Single_Item_Web()
 7 SYSTEMPATH\CodeIgniter.php(466): CodeIgniter\CodeIgniter->runController(Object(App\Controllers\ItemController))
 8 SYSTEMPATH\CodeIgniter.php(349): CodeIgniter\CodeIgniter->handleRequest(null, Object(Config\Cache), false)
 9 FCPATH\index.php(55): CodeIgniter\CodeIgniter->run()
CRITICAL - 2022-11-13 11:41:02 --> Illegal string offset 'photo'
in APPPATH\Views\single-product.php on line 28.
 1 APPPATH\Views\single-product.php(28): CodeIgniter\Debug\Exceptions->errorHandler(2, 'Illegal string offset \'photo\'', 'APPPATH\\Views\\single-product.php', 28, [...])
 2 SYSTEMPATH\View\View.php(213): include('APPPATH\\Views\\single-product.php')
 3 SYSTEMPATH\View\View.php(216): CodeIgniter\View\View->CodeIgniter\View\{closure}()
 4 SYSTEMPATH\Common.php(1135): CodeIgniter\View\View->render('single-product', [], true)
 5 APPPATH\Controllers\ItemController.php(33): view('single-product', [...])
 6 SYSTEMPATH\CodeIgniter.php(896): App\Controllers\ItemController->Single_Item_Web()
 7 SYSTEMPATH\CodeIgniter.php(466): CodeIgniter\CodeIgniter->runController(Object(App\Controllers\ItemController))
 8 SYSTEMPATH\CodeIgniter.php(349): CodeIgniter\CodeIgniter->handleRequest(null, Object(Config\Cache), false)
 9 FCPATH\index.php(55): CodeIgniter\CodeIgniter->run()
CRITICAL - 2022-11-13 11:41:02 --> Illegal string offset 'photo'
in APPPATH\Views\single-product.php on line 28.
 1 APPPATH\Views\single-product.php(28): CodeIgniter\Debug\Exceptions->errorHandler(2, 'Illegal string offset \'photo\'', 'APPPATH\\Views\\single-product.php', 28, [...])
 2 SYSTEMPATH\View\View.php(213): include('APPPATH\\Views\\single-product.php')
 3 SYSTEMPATH\View\View.php(216): CodeIgniter\View\View->CodeIgniter\View\{closure}()
 4 SYSTEMPATH\Common.php(1135): CodeIgniter\View\View->render('single-product', [], true)
 5 APPPATH\Controllers\ItemController.php(33): view('single-product', [...])
 6 SYSTEMPATH\CodeIgniter.php(896): App\Controllers\ItemController->Single_Item_Web()
 7 SYSTEMPATH\CodeIgniter.php(466): CodeIgniter\CodeIgniter->runController(Object(App\Controllers\ItemController))
 8 SYSTEMPATH\CodeIgniter.php(349): CodeIgniter\CodeIgniter->handleRequest(null, Object(Config\Cache), false)
 9 FCPATH\index.php(55): CodeIgniter\CodeIgniter->run()
CRITICAL - 2022-11-13 11:41:02 --> Illegal string offset 'photo'
in APPPATH\Views\single-product.php on line 28.
 1 APPPATH\Views\single-product.php(28): CodeIgniter\Debug\Exceptions->errorHandler(2, 'Illegal string offset \'photo\'', 'APPPATH\\Views\\single-product.php', 28, [...])
 2 SYSTEMPATH\View\View.php(213): include('APPPATH\\Views\\single-product.php')
 3 SYSTEMPATH\View\View.php(216): CodeIgniter\View\View->CodeIgniter\View\{closure}()
 4 SYSTEMPATH\Common.php(1135): CodeIgniter\View\View->render('single-product', [], true)
 5 APPPATH\Controllers\ItemController.php(33): view('single-product', [...])
 6 SYSTEMPATH\CodeIgniter.php(896): App\Controllers\ItemController->Single_Item_Web()
 7 SYSTEMPATH\CodeIgniter.php(466): CodeIgniter\CodeIgniter->runController(Object(App\Controllers\ItemController))
 8 SYSTEMPATH\CodeIgniter.php(349): CodeIgniter\CodeIgniter->handleRequest(null, Object(Config\Cache), false)
 9 FCPATH\index.php(55): CodeIgniter\CodeIgniter->run()
CRITICAL - 2022-11-13 11:43:32 --> Array to string conversion
in APPPATH\Controllers\ItemController.php on line 33.
 1 APPPATH\Controllers\ItemController.php(33): CodeIgniter\Debug\Exceptions->errorHandler(8, 'Array to string conversion', 'APPPATH\\Controllers\\ItemController.php', 33, [...])
 2 SYSTEMPATH\CodeIgniter.php(896): App\Controllers\ItemController->Single_Item_Web()
 3 SYSTEMPATH\CodeIgniter.php(466): CodeIgniter\CodeIgniter->runController(Object(App\Controllers\ItemController))
 4 SYSTEMPATH\CodeIgniter.php(349): CodeIgniter\CodeIgniter->handleRequest(null, Object(Config\Cache), false)
 5 FCPATH\index.php(55): CodeIgniter\CodeIgniter->run()
CRITICAL - 2022-11-13 11:44:54 --> Illegal string offset 'photo'
in APPPATH\Controllers\ItemController.php on line 34.
 1 APPPATH\Controllers\ItemController.php(34): CodeIgniter\Debug\Exceptions->errorHandler(2, 'Illegal string offset \'photo\'', 'APPPATH\\Controllers\\ItemController.php', 34, [...])
 2 SYSTEMPATH\CodeIgniter.php(896): App\Controllers\ItemController->Single_Item_Web()
 3 SYSTEMPATH\CodeIgniter.php(466): CodeIgniter\CodeIgniter->runController(Object(App\Controllers\ItemController))
 4 SYSTEMPATH\CodeIgniter.php(349): CodeIgniter\CodeIgniter->handleRequest(null, Object(Config\Cache), false)
 5 FCPATH\index.php(55): CodeIgniter\CodeIgniter->run()
CRITICAL - 2022-11-13 11:45:25 --> Trying to get property 'photo' of non-object
in APPPATH\Controllers\ItemController.php on line 34.
 1 APPPATH\Controllers\ItemController.php(34): CodeIgniter\Debug\Exceptions->errorHandler(8, 'Trying to get property \'photo\' of non-object', 'APPPATH\\Controllers\\ItemController.php', 34, [...])
 2 SYSTEMPATH\CodeIgniter.php(896): App\Controllers\ItemController->Single_Item_Web()
 3 SYSTEMPATH\CodeIgniter.php(466): CodeIgniter\CodeIgniter->runController(Object(App\Controllers\ItemController))
 4 SYSTEMPATH\CodeIgniter.php(349): CodeIgniter\CodeIgniter->handleRequest(null, Object(Config\Cache), false)
 5 FCPATH\index.php(55): CodeIgniter\CodeIgniter->run()
CRITICAL - 2022-11-13 11:46:34 --> Illegal string offset 'photo'
in APPPATH\Views\single-product.php on line 28.
 1 APPPATH\Views\single-product.php(28): CodeIgniter\Debug\Exceptions->errorHandler(2, 'Illegal string offset \'photo\'', 'APPPATH\\Views\\single-product.php', 28, [...])
 2 SYSTEMPATH\View\View.php(213): include('APPPATH\\Views\\single-product.php')
 3 SYSTEMPATH\View\View.php(216): CodeIgniter\View\View->CodeIgniter\View\{closure}()
 4 SYSTEMPATH\Common.php(1135): CodeIgniter\View\View->render('single-product', [], true)
 5 APPPATH\Controllers\ItemController.php(33): view('single-product', [...])
 6 SYSTEMPATH\CodeIgniter.php(896): App\Controllers\ItemController->Single_Item_Web()
 7 SYSTEMPATH\CodeIgniter.php(466): CodeIgniter\CodeIgniter->runController(Object(App\Controllers\ItemController))
 8 SYSTEMPATH\CodeIgniter.php(349): CodeIgniter\CodeIgniter->handleRequest(null, Object(Config\Cache), false)
 9 FCPATH\index.php(55): CodeIgniter\CodeIgniter->run()
CRITICAL - 2022-11-13 11:47:16 --> Illegal string offset 'item_name'
in APPPATH\Views\single-product.php on line 36.
 1 APPPATH\Views\single-product.php(36): CodeIgniter\Debug\Exceptions->errorHandler(2, 'Illegal string offset \'item_name\'', 'APPPATH\\Views\\single-product.php', 36, [...])
 2 SYSTEMPATH\View\View.php(213): include('APPPATH\\Views\\single-product.php')
 3 SYSTEMPATH\View\View.php(216): CodeIgniter\View\View->CodeIgniter\View\{closure}()
 4 SYSTEMPATH\Common.php(1135): CodeIgniter\View\View->render('single-product', [], true)
 5 APPPATH\Controllers\ItemController.php(33): view('single-product', [...])
 6 SYSTEMPATH\CodeIgniter.php(896): App\Controllers\ItemController->Single_Item_Web()
 7 SYSTEMPATH\CodeIgniter.php(466): CodeIgniter\CodeIgniter->runController(Object(App\Controllers\ItemController))
 8 SYSTEMPATH\CodeIgniter.php(349): CodeIgniter\CodeIgniter->handleRequest(null, Object(Config\Cache), false)
 9 FCPATH\index.php(55): CodeIgniter\CodeIgniter->run()
CRITICAL - 2022-11-13 11:50:59 --> Undefined property: stdClass::$catagory
in APPPATH\Views\single-product.php on line 44.
 1 APPPATH\Views\single-product.php(44): CodeIgniter\Debug\Exceptions->errorHandler(8, 'Undefined property: stdClass::$catagory', 'APPPATH\\Views\\single-product.php', 44, [...])
 2 SYSTEMPATH\View\View.php(213): include('APPPATH\\Views\\single-product.php')
 3 SYSTEMPATH\View\View.php(216): CodeIgniter\View\View->CodeIgniter\View\{closure}()
 4 SYSTEMPATH\Common.php(1135): CodeIgniter\View\View->render('single-product', [], true)
 5 APPPATH\Controllers\ItemController.php(33): view('single-product', [...])
 6 SYSTEMPATH\CodeIgniter.php(896): App\Controllers\ItemController->Single_Item_Web()
 7 SYSTEMPATH\CodeIgniter.php(466): CodeIgniter\CodeIgniter->runController(Object(App\Controllers\ItemController))
 8 SYSTEMPATH\CodeIgniter.php(349): CodeIgniter\CodeIgniter->handleRequest(null, Object(Config\Cache), false)
 9 FCPATH\index.php(55): CodeIgniter\CodeIgniter->run()
CRITICAL - 2022-11-13 11:57:57 --> Undefined variable: userdata
in APPPATH\Views\shop.php on line 42.
 1 APPPATH\Views\shop.php(42): CodeIgniter\Debug\Exceptions->errorHandler(8, 'Undefined variable: userdata', 'APPPATH\\Views\\shop.php', 42, [])
 2 SYSTEMPATH\View\View.php(213): include('APPPATH\\Views\\shop.php')
 3 SYSTEMPATH\View\View.php(216): CodeIgniter\View\View->CodeIgniter\View\{closure}()
 4 SYSTEMPATH\Common.php(1135): CodeIgniter\View\View->render('shop', [], true)
 5 APPPATH\Controllers\ItemController.php(35): view('shop')
 6 SYSTEMPATH\CodeIgniter.php(896): App\Controllers\ItemController->Single_Item_Web()
 7 SYSTEMPATH\CodeIgniter.php(466): CodeIgniter\CodeIgniter->runController(Object(App\Controllers\ItemController))
 8 SYSTEMPATH\CodeIgniter.php(349): CodeIgniter\CodeIgniter->handleRequest(null, Object(Config\Cache), false)
 9 FCPATH\index.php(55): CodeIgniter\CodeIgniter->run()
CRITICAL - 2022-11-13 11:58:53 --> Undefined variable: userdata
in APPPATH\Views\shop.php on line 42.
 1 APPPATH\Views\shop.php(42): CodeIgniter\Debug\Exceptions->errorHandler(8, 'Undefined variable: userdata', 'APPPATH\\Views\\shop.php', 42, [])
 2 SYSTEMPATH\View\View.php(213): include('APPPATH\\Views\\shop.php')
 3 SYSTEMPATH\View\View.php(216): CodeIgniter\View\View->CodeIgniter\View\{closure}()
 4 SYSTEMPATH\Common.php(1135): CodeIgniter\View\View->render('shop', [], true)
 5 APPPATH\Controllers\ItemController.php(36): view('shop')
 6 SYSTEMPATH\CodeIgniter.php(896): App\Controllers\ItemController->Single_Item_Web()
 7 SYSTEMPATH\CodeIgniter.php(466): CodeIgniter\CodeIgniter->runController(Object(App\Controllers\ItemController))
 8 SYSTEMPATH\CodeIgniter.php(349): CodeIgniter\CodeIgniter->handleRequest(null, Object(Config\Cache), false)
 9 FCPATH\index.php(55): CodeIgniter\CodeIgniter->run()
CRITICAL - 2022-11-13 11:58:55 --> Undefined variable: userdata
in APPPATH\Views\shop.php on line 42.
 1 APPPATH\Views\shop.php(42): CodeIgniter\Debug\Exceptions->errorHandler(8, 'Undefined variable: userdata', 'APPPATH\\Views\\shop.php', 42, [])
 2 SYSTEMPATH\View\View.php(213): include('APPPATH\\Views\\shop.php')
 3 SYSTEMPATH\View\View.php(216): CodeIgniter\View\View->CodeIgniter\View\{closure}()
 4 SYSTEMPATH\Common.php(1135): CodeIgniter\View\View->render('shop', [], true)
 5 APPPATH\Controllers\ItemController.php(36): view('shop')
 6 SYSTEMPATH\CodeIgniter.php(896): App\Controllers\ItemController->Single_Item_Web()
 7 SYSTEMPATH\CodeIgniter.php(466): CodeIgniter\CodeIgniter->runController(Object(App\Controllers\ItemController))
 8 SYSTEMPATH\CodeIgniter.php(349): CodeIgniter\CodeIgniter->handleRequest(null, Object(Config\Cache), false)
 9 FCPATH\index.php(55): CodeIgniter\CodeIgniter->run()
CRITICAL - 2022-11-13 11:58:56 --> Undefined variable: userdata
in APPPATH\Views\shop.php on line 42.
 1 APPPATH\Views\shop.php(42): CodeIgniter\Debug\Exceptions->errorHandler(8, 'Undefined variable: userdata', 'APPPATH\\Views\\shop.php', 42, [])
 2 SYSTEMPATH\View\View.php(213): include('APPPATH\\Views\\shop.php')
 3 SYSTEMPATH\View\View.php(216): CodeIgniter\View\View->CodeIgniter\View\{closure}()
 4 SYSTEMPATH\Common.php(1135): CodeIgniter\View\View->render('shop', [], true)
 5 APPPATH\Controllers\ItemController.php(36): view('shop')
 6 SYSTEMPATH\CodeIgniter.php(896): App\Controllers\ItemController->Single_Item_Web()
 7 SYSTEMPATH\CodeIgniter.php(466): CodeIgniter\CodeIgniter->runController(Object(App\Controllers\ItemController))
 8 SYSTEMPATH\CodeIgniter.php(349): CodeIgniter\CodeIgniter->handleRequest(null, Object(Config\Cache), false)
 9 FCPATH\index.php(55): CodeIgniter\CodeIgniter->run()
CRITICAL - 2022-11-13 11:58:56 --> Undefined variable: userdata
in APPPATH\Views\shop.php on line 42.
 1 APPPATH\Views\shop.php(42): CodeIgniter\Debug\Exceptions->errorHandler(8, 'Undefined variable: userdata', 'APPPATH\\Views\\shop.php', 42, [])
 2 SYSTEMPATH\View\View.php(213): include('APPPATH\\Views\\shop.php')
 3 SYSTEMPATH\View\View.php(216): CodeIgniter\View\View->CodeIgniter\View\{closure}()
 4 SYSTEMPATH\Common.php(1135): CodeIgniter\View\View->render('shop', [], true)
 5 APPPATH\Controllers\ItemController.php(36): view('shop')
 6 SYSTEMPATH\CodeIgniter.php(896): App\Controllers\ItemController->Single_Item_Web()
 7 SYSTEMPATH\CodeIgniter.php(466): CodeIgniter\CodeIgniter->runController(Object(App\Controllers\ItemController))
 8 SYSTEMPATH\CodeIgniter.php(349): CodeIgniter\CodeIgniter->handleRequest(null, Object(Config\Cache), false)
 9 FCPATH\index.php(55): CodeIgniter\CodeIgniter->run()
CRITICAL - 2022-11-13 11:58:57 --> Undefined variable: userdata
in APPPATH\Views\shop.php on line 42.
 1 APPPATH\Views\shop.php(42): CodeIgniter\Debug\Exceptions->errorHandler(8, 'Undefined variable: userdata', 'APPPATH\\Views\\shop.php', 42, [])
 2 SYSTEMPATH\View\View.php(213): include('APPPATH\\Views\\shop.php')
 3 SYSTEMPATH\View\View.php(216): CodeIgniter\View\View->CodeIgniter\View\{closure}()
 4 SYSTEMPATH\Common.php(1135): CodeIgniter\View\View->render('shop', [], true)
 5 APPPATH\Controllers\ItemController.php(36): view('shop')
 6 SYSTEMPATH\CodeIgniter.php(896): App\Controllers\ItemController->Single_Item_Web()
 7 SYSTEMPATH\CodeIgniter.php(466): CodeIgniter\CodeIgniter->runController(Object(App\Controllers\ItemController))
 8 SYSTEMPATH\CodeIgniter.php(349): CodeIgniter\CodeIgniter->handleRequest(null, Object(Config\Cache), false)
 9 FCPATH\index.php(55): CodeIgniter\CodeIgniter->run()
CRITICAL - 2022-11-13 11:59:04 --> Undefined variable: userdata
in APPPATH\Views\shop.php on line 42.
 1 APPPATH\Views\shop.php(42): CodeIgniter\Debug\Exceptions->errorHandler(8, 'Undefined variable: userdata', 'APPPATH\\Views\\shop.php', 42, [])
 2 SYSTEMPATH\View\View.php(213): include('APPPATH\\Views\\shop.php')
 3 SYSTEMPATH\View\View.php(216): CodeIgniter\View\View->CodeIgniter\View\{closure}()
 4 SYSTEMPATH\Common.php(1135): CodeIgniter\View\View->render('shop', [], true)
 5 APPPATH\Controllers\ItemController.php(36): view('shop')
 6 SYSTEMPATH\CodeIgniter.php(896): App\Controllers\ItemController->Single_Item_Web()
 7 SYSTEMPATH\CodeIgniter.php(466): CodeIgniter\CodeIgniter->runController(Object(App\Controllers\ItemController))
 8 SYSTEMPATH\CodeIgniter.php(349): CodeIgniter\CodeIgniter->handleRequest(null, Object(Config\Cache), false)
 9 FCPATH\index.php(55): CodeIgniter\CodeIgniter->run()
CRITICAL - 2022-11-13 12:30:10 --> syntax error, unexpected ';'
in APPPATH\Views\single-product.php on line 49.
 1 SYSTEMPATH\View\View.php(216): CodeIgniter\View\View->CodeIgniter\View\{closure}()
 2 SYSTEMPATH\Common.php(1135): CodeIgniter\View\View->render('single-product', [], true)
 3 APPPATH\Controllers\ItemController.php(33): view('single-product', [...])
 4 SYSTEMPATH\CodeIgniter.php(896): App\Controllers\ItemController->Single_Item_Web()
 5 SYSTEMPATH\CodeIgniter.php(466): CodeIgniter\CodeIgniter->runController(Object(App\Controllers\ItemController))
 6 SYSTEMPATH\CodeIgniter.php(349): CodeIgniter\CodeIgniter->handleRequest(null, Object(Config\Cache), false)
 7 FCPATH\index.php(55): CodeIgniter\CodeIgniter->run()
CRITICAL - 2022-11-13 12:34:59 --> Undefined variable: qt
in APPPATH\Views\single-product.php on line 55.
 1 APPPATH\Views\single-product.php(55): CodeIgniter\Debug\Exceptions->errorHandler(8, 'Undefined variable: qt', 'APPPATH\\Views\\single-product.php', 55, [...])
 2 SYSTEMPATH\View\View.php(213): include('APPPATH\\Views\\single-product.php')
 3 SYSTEMPATH\View\View.php(216): CodeIgniter\View\View->CodeIgniter\View\{closure}()
 4 SYSTEMPATH\Common.php(1135): CodeIgniter\View\View->render('single-product', [], true)
 5 APPPATH\Controllers\ItemController.php(33): view('single-product', [...])
 6 SYSTEMPATH\CodeIgniter.php(896): App\Controllers\ItemController->Single_Item_Web()
 7 SYSTEMPATH\CodeIgniter.php(466): CodeIgniter\CodeIgniter->runController(Object(App\Controllers\ItemController))
 8 SYSTEMPATH\CodeIgniter.php(349): CodeIgniter\CodeIgniter->handleRequest(null, Object(Config\Cache), false)
 9 FCPATH\index.php(55): CodeIgniter\CodeIgniter->run()
CRITICAL - 2022-11-13 12:36:15 --> Undefined index: qt
in APPPATH\Views\single-product.php on line 50.
 1 APPPATH\Views\single-product.php(50): CodeIgniter\Debug\Exceptions->errorHandler(8, 'Undefined index: qt', 'APPPATH\\Views\\single-product.php', 50, [...])
 2 SYSTEMPATH\View\View.php(213): include('APPPATH\\Views\\single-product.php')
 3 SYSTEMPATH\View\View.php(216): CodeIgniter\View\View->CodeIgniter\View\{closure}()
 4 SYSTEMPATH\Common.php(1135): CodeIgniter\View\View->render('single-product', [], true)
 5 APPPATH\Controllers\ItemController.php(33): view('single-product', [...])
 6 SYSTEMPATH\CodeIgniter.php(896): App\Controllers\ItemController->Single_Item_Web()
 7 SYSTEMPATH\CodeIgniter.php(466): CodeIgniter\CodeIgniter->runController(Object(App\Controllers\ItemController))
 8 SYSTEMPATH\CodeIgniter.php(349): CodeIgniter\CodeIgniter->handleRequest(null, Object(Config\Cache), false)
 9 FCPATH\index.php(55): CodeIgniter\CodeIgniter->run()
CRITICAL - 2022-11-13 12:37:13 --> Undefined variable: qt
in APPPATH\Views\single-product.php on line 56.
 1 APPPATH\Views\single-product.php(56): CodeIgniter\Debug\Exceptions->errorHandler(8, 'Undefined variable: qt', 'APPPATH\\Views\\single-product.php', 56, [...])
 2 SYSTEMPATH\View\View.php(213): include('APPPATH\\Views\\single-product.php')
 3 SYSTEMPATH\View\View.php(216): CodeIgniter\View\View->CodeIgniter\View\{closure}()
 4 SYSTEMPATH\Common.php(1135): CodeIgniter\View\View->render('single-product', [], true)
 5 APPPATH\Controllers\ItemController.php(33): view('single-product', [...])
 6 SYSTEMPATH\CodeIgniter.php(896): App\Controllers\ItemController->Single_Item_Web()
 7 SYSTEMPATH\CodeIgniter.php(466): CodeIgniter\CodeIgniter->runController(Object(App\Controllers\ItemController))
 8 SYSTEMPATH\CodeIgniter.php(349): CodeIgniter\CodeIgniter->handleRequest(null, Object(Config\Cache), false)
 9 FCPATH\index.php(55): CodeIgniter\CodeIgniter->run()
CRITICAL - 2022-11-13 12:46:00 --> Undefined index: qt
in APPPATH\Views\single-product.php on line 50.
 1 APPPATH\Views\single-product.php(50): CodeIgniter\Debug\Exceptions->errorHandler(8, 'Undefined index: qt', 'APPPATH\\Views\\single-product.php', 50, [...])
 2 SYSTEMPATH\View\View.php(213): include('APPPATH\\Views\\single-product.php')
 3 SYSTEMPATH\View\View.php(216): CodeIgniter\View\View->CodeIgniter\View\{closure}()
 4 SYSTEMPATH\Common.php(1135): CodeIgniter\View\View->render('single-product', [], true)
 5 APPPATH\Controllers\ItemController.php(33): view('single-product', [...])
 6 SYSTEMPATH\CodeIgniter.php(896): App\Controllers\ItemController->Single_Item_Web()
 7 SYSTEMPATH\CodeIgniter.php(466): CodeIgniter\CodeIgniter->runController(Object(App\Controllers\ItemController))
 8 SYSTEMPATH\CodeIgniter.php(349): CodeIgniter\CodeIgniter->handleRequest(null, Object(Config\Cache), false)
 9 FCPATH\index.php(55): CodeIgniter\CodeIgniter->run()
CRITICAL - 2022-11-13 12:48:31 --> Undefined variable: qt
in APPPATH\Views\single-product.php on line 57.
 1 APPPATH\Views\single-product.php(57): CodeIgniter\Debug\Exceptions->errorHandler(8, 'Undefined variable: qt', 'APPPATH\\Views\\single-product.php', 57, [...])
 2 SYSTEMPATH\View\View.php(213): include('APPPATH\\Views\\single-product.php')
 3 SYSTEMPATH\View\View.php(216): CodeIgniter\View\View->CodeIgniter\View\{closure}()
 4 SYSTEMPATH\Common.php(1135): CodeIgniter\View\View->render('single-product', [], true)
 5 APPPATH\Controllers\ItemController.php(33): view('single-product', [...])
 6 SYSTEMPATH\CodeIgniter.php(896): App\Controllers\ItemController->Single_Item_Web()
 7 SYSTEMPATH\CodeIgniter.php(466): CodeIgniter\CodeIgniter->runController(Object(App\Controllers\ItemController))
 8 SYSTEMPATH\CodeIgniter.php(349): CodeIgniter\CodeIgniter->handleRequest(null, Object(Config\Cache), false)
 9 FCPATH\index.php(55): CodeIgniter\CodeIgniter->run()
