CRITICAL - 2022-11-17 13:22:23 --> Undefined variable: qt
in APPPATH\Views\single-product.php on line 49.
 1 APPPATH\Views\single-product.php(49): CodeIgniter\Debug\Exceptions->errorHandler(8, 'Undefined variable: qt', 'APPPATH\\Views\\single-product.php', 49, [...])
 2 SYSTEMPATH\View\View.php(213): include('APPPATH\\Views\\single-product.php')
 3 SYSTEMPATH\View\View.php(216): CodeIgniter\View\View->CodeIgniter\View\{closure}()
 4 SYSTEMPATH\Common.php(1135): CodeIgniter\View\View->render('single-product', [], true)
 5 APPPATH\Controllers\ItemController.php(33): view('single-product', [...])
 6 SYSTEMPATH\CodeIgniter.php(896): App\Controllers\ItemController->Single_Item_Web()
 7 SYSTEMPATH\CodeIgniter.php(466): CodeIgniter\CodeIgniter->runController(Object(App\Controllers\ItemController))
 8 SYSTEMPATH\CodeIgniter.php(349): CodeIgniter\CodeIgniter->handleRequest(null, Object(Config\Cache), false)
 9 FCPATH\index.php(55): CodeIgniter\CodeIgniter->run()
ERROR - 2022-11-17 22:29:27 --> Unknown column 'category' in 'field list'
CRITICAL - 2022-11-17 22:29:27 --> Unknown column 'category' in 'field list'
in SYSTEMPATH\Database\MySQLi\Connection.php on line 292.
 1 SYSTEMPATH\Database\MySQLi\Connection.php(292): mysqli->query('INSERT INTO `orders` (`fullname`, `email`, `item_name`, `category`, `quantity`, `price`, `one_item_price`) VALUES (\'Sarthak\', \'sdhaduk666@rku.ac.in\', \'Pizza\', \'mexican\', \'3\', 1050, \'350\')', 0)
 2 SYSTEMPATH\Database\BaseConnection.php(695): CodeIgniter\Database\MySQLi\Connection->execute('INSERT INTO `orders` (`fullname`, `email`, `item_name`, `category`, `quantity`, `price`, `one_item_price`) VALUES (\'Sarthak\', \'sdhaduk666@rku.ac.in\', \'Pizza\', \'mexican\', \'3\', 1050, \'350\')')
 3 SYSTEMPATH\Database\BaseConnection.php(609): CodeIgniter\Database\BaseConnection->simpleQuery('INSERT INTO `orders` (`fullname`, `email`, `item_name`, `category`, `quantity`, `price`, `one_item_price`) VALUES (\'Sarthak\', \'sdhaduk666@rku.ac.in\', \'Pizza\', \'mexican\', \'3\', 1050, \'350\')')
 4 SYSTEMPATH\Database\BaseBuilder.php(1904): CodeIgniter\Database\BaseConnection->query('INSERT INTO `orders` (`fullname`, `email`, `item_name`, `category`, `quantity`, `price`, `one_item_price`) VALUES (:fullname:, :email:, :item_name:, :category:, :quantity:, :price:, :one_item_price:)', [...], false)
 5 APPPATH\Controllers\ItemController.php(240): CodeIgniter\Database\BaseBuilder->insert([...])
 6 SYSTEMPATH\CodeIgniter.php(896): App\Controllers\ItemController->buy_from_item()
 7 SYSTEMPATH\CodeIgniter.php(466): CodeIgniter\CodeIgniter->runController(Object(App\Controllers\ItemController))
 8 SYSTEMPATH\CodeIgniter.php(349): CodeIgniter\CodeIgniter->handleRequest(null, Object(Config\Cache), false)
 9 FCPATH\index.php(55): CodeIgniter\CodeIgniter->run()
ERROR - 2022-11-17 23:15:00 --> You have an error in your SQL syntax; check the manual that corresponds to your MariaDB server version for the right syntax to use near 't substitute an Ita.', price='125', photo='1668748500_cc9c937e17f4756eab3b.we...' at line 1
CRITICAL - 2022-11-17 23:15:00 --> You have an error in your SQL syntax; check the manual that corresponds to your MariaDB server version for the right syntax to use near 't substitute an Ita.', price='125', photo='1668748500_cc9c937e17f4756eab3b.we...' at line 1
in SYSTEMPATH\Database\MySQLi\Connection.php on line 292.
 1 SYSTEMPATH\Database\MySQLi\Connection.php(292): mysqli->query('update add_item set item_name=\'Spicy Chinese Noodles\', category=\'chinese\', description=\'Asian noodles can be made with rice, yam, and mung bean in addition to wheat flour, and even that wheat is a different variety than the durum wheat used in pasta. All of these differences in texture and flavor mean you usually can\'t substitute an Ita.\', price=\'125\', photo=\'1668748500_cc9c937e17f4756eab3b.webp\'  where item_name=\'Spicy Chinese Noodles\'', 0)
 2 SYSTEMPATH\Database\BaseConnection.php(695): CodeIgniter\Database\MySQLi\Connection->execute('update add_item set item_name=\'Spicy Chinese Noodles\', category=\'chinese\', description=\'Asian noodles can be made with rice, yam, and mung bean in addition to wheat flour, and even that wheat is a different variety than the durum wheat used in pasta. All of these differences in texture and flavor mean you usually can\'t substitute an Ita.\', price=\'125\', photo=\'1668748500_cc9c937e17f4756eab3b.webp\'  where item_name=\'Spicy Chinese Noodles\'')
 3 SYSTEMPATH\Database\BaseConnection.php(609): CodeIgniter\Database\BaseConnection->simpleQuery('update add_item set item_name=\'Spicy Chinese Noodles\', category=\'chinese\', description=\'Asian noodles can be made with rice, yam, and mung bean in addition to wheat flour, and even that wheat is a different variety than the durum wheat used in pasta. All of these differences in texture and flavor mean you usually can\'t substitute an Ita.\', price=\'125\', photo=\'1668748500_cc9c937e17f4756eab3b.webp\'  where item_name=\'Spicy Chinese Noodles\'')
 4 APPPATH\Models\Item_model.php(34): CodeIgniter\Database\BaseConnection->query('update add_item set item_name=\'Spicy Chinese Noodles\', category=\'chinese\', description=\'Asian noodles can be made with rice, yam, and mung bean in addition to wheat flour, and even that wheat is a different variety than the durum wheat used in pasta. All of these differences in texture and flavor mean you usually can\'t substitute an Ita.\', price=\'125\', photo=\'1668748500_cc9c937e17f4756eab3b.webp\'  where item_name=\'Spicy Chinese Noodles\'')
 5 APPPATH\Controllers\ItemController.php(176): App\Models\Item_model->update_data('Spicy Chinese Noodles', 'Spicy Chinese Noodles', 'chinese', 'Asian noodles can be made with rice, yam, and mung bean in addition to wheat flour, and even that wheat is a different variety than the durum wheat used in pasta. All of these differences in texture and flavor mean you usually can\'t substitute an Ita.', '125', '1668748500_cc9c937e17f4756eab3b.webp')
 6 SYSTEMPATH\CodeIgniter.php(896): App\Controllers\ItemController->edit_admin_added_item()
 7 SYSTEMPATH\CodeIgniter.php(466): CodeIgniter\CodeIgniter->runController(Object(App\Controllers\ItemController))
 8 SYSTEMPATH\CodeIgniter.php(349): CodeIgniter\CodeIgniter->handleRequest(null, Object(Config\Cache), false)
 9 FCPATH\index.php(55): CodeIgniter\CodeIgniter->run()
ERROR - 2022-11-17 23:16:06 --> You have an error in your SQL syntax; check the manual that corresponds to your MariaDB server version for the right syntax to use near 't substitute an Ita.', price='125', photo='1668748566_2e104656841fd733e32f.we...' at line 1
CRITICAL - 2022-11-17 23:16:06 --> You have an error in your SQL syntax; check the manual that corresponds to your MariaDB server version for the right syntax to use near 't substitute an Ita.', price='125', photo='1668748566_2e104656841fd733e32f.we...' at line 1
in SYSTEMPATH\Database\MySQLi\Connection.php on line 292.
 1 SYSTEMPATH\Database\MySQLi\Connection.php(292): mysqli->query('update add_item set item_name=\'Spicy Chinese Noodles\', category=\'chinese\', description=\'Asian noodles can be made with rice, yam, and mung bean in addition to wheat flour, and even that wheat is a different variety than the durum wheat used in pasta. All of these differences in texture and flavor mean you usually can\'t substitute an Ita.\', price=\'125\', photo=\'1668748566_2e104656841fd733e32f.webp\'  where item_name=\'Spicy Chinese Noodles\'', 0)
 2 SYSTEMPATH\Database\BaseConnection.php(695): CodeIgniter\Database\MySQLi\Connection->execute('update add_item set item_name=\'Spicy Chinese Noodles\', category=\'chinese\', description=\'Asian noodles can be made with rice, yam, and mung bean in addition to wheat flour, and even that wheat is a different variety than the durum wheat used in pasta. All of these differences in texture and flavor mean you usually can\'t substitute an Ita.\', price=\'125\', photo=\'1668748566_2e104656841fd733e32f.webp\'  where item_name=\'Spicy Chinese Noodles\'')
 3 SYSTEMPATH\Database\BaseConnection.php(609): CodeIgniter\Database\BaseConnection->simpleQuery('update add_item set item_name=\'Spicy Chinese Noodles\', category=\'chinese\', description=\'Asian noodles can be made with rice, yam, and mung bean in addition to wheat flour, and even that wheat is a different variety than the durum wheat used in pasta. All of these differences in texture and flavor mean you usually can\'t substitute an Ita.\', price=\'125\', photo=\'1668748566_2e104656841fd733e32f.webp\'  where item_name=\'Spicy Chinese Noodles\'')
 4 APPPATH\Models\Item_model.php(34): CodeIgniter\Database\BaseConnection->query('update add_item set item_name=\'Spicy Chinese Noodles\', category=\'chinese\', description=\'Asian noodles can be made with rice, yam, and mung bean in addition to wheat flour, and even that wheat is a different variety than the durum wheat used in pasta. All of these differences in texture and flavor mean you usually can\'t substitute an Ita.\', price=\'125\', photo=\'1668748566_2e104656841fd733e32f.webp\'  where item_name=\'Spicy Chinese Noodles\'')
 5 APPPATH\Controllers\ItemController.php(176): App\Models\Item_model->update_data('Spicy Chinese Noodles', 'Spicy Chinese Noodles', 'chinese', 'Asian noodles can be made with rice, yam, and mung bean in addition to wheat flour, and even that wheat is a different variety than the durum wheat used in pasta. All of these differences in texture and flavor mean you usually can\'t substitute an Ita.', '125', '1668748566_2e104656841fd733e32f.webp')
 6 SYSTEMPATH\CodeIgniter.php(896): App\Controllers\ItemController->edit_admin_added_item()
 7 SYSTEMPATH\CodeIgniter.php(466): CodeIgniter\CodeIgniter->runController(Object(App\Controllers\ItemController))
 8 SYSTEMPATH\CodeIgniter.php(349): CodeIgniter\CodeIgniter->handleRequest(null, Object(Config\Cache), false)
 9 FCPATH\index.php(55): CodeIgniter\CodeIgniter->run()
ERROR - 2022-11-17 23:23:03 --> You have an error in your SQL syntax; check the manual that corresponds to your MariaDB server version for the right syntax to use near 't substitute an Ita.', price='125', photo='1668748983_f686015b2b29dbc03c4a.we...' at line 1
CRITICAL - 2022-11-17 23:23:03 --> You have an error in your SQL syntax; check the manual that corresponds to your MariaDB server version for the right syntax to use near 't substitute an Ita.', price='125', photo='1668748983_f686015b2b29dbc03c4a.we...' at line 1
in SYSTEMPATH\Database\MySQLi\Connection.php on line 292.
 1 SYSTEMPATH\Database\MySQLi\Connection.php(292): mysqli->query('update add_item set item_name=\'Spicy Chinese Noodles\', category=\'chinese\', description=\'Asian noodles can be made with rice, yam, and mung bean in addition to wheat flour, and even that wheat is a different variety than the durum wheat used in pasta. All of these differences in texture and flavor mean you usually can\'t substitute an Ita.\', price=\'125\', photo=\'1668748983_f686015b2b29dbc03c4a.webp\'  where item_name=\'Spicy Chinese Noodles\'', 0)
 2 SYSTEMPATH\Database\BaseConnection.php(695): CodeIgniter\Database\MySQLi\Connection->execute('update add_item set item_name=\'Spicy Chinese Noodles\', category=\'chinese\', description=\'Asian noodles can be made with rice, yam, and mung bean in addition to wheat flour, and even that wheat is a different variety than the durum wheat used in pasta. All of these differences in texture and flavor mean you usually can\'t substitute an Ita.\', price=\'125\', photo=\'1668748983_f686015b2b29dbc03c4a.webp\'  where item_name=\'Spicy Chinese Noodles\'')
 3 SYSTEMPATH\Database\BaseConnection.php(609): CodeIgniter\Database\BaseConnection->simpleQuery('update add_item set item_name=\'Spicy Chinese Noodles\', category=\'chinese\', description=\'Asian noodles can be made with rice, yam, and mung bean in addition to wheat flour, and even that wheat is a different variety than the durum wheat used in pasta. All of these differences in texture and flavor mean you usually can\'t substitute an Ita.\', price=\'125\', photo=\'1668748983_f686015b2b29dbc03c4a.webp\'  where item_name=\'Spicy Chinese Noodles\'')
 4 APPPATH\Models\Item_model.php(34): CodeIgniter\Database\BaseConnection->query('update add_item set item_name=\'Spicy Chinese Noodles\', category=\'chinese\', description=\'Asian noodles can be made with rice, yam, and mung bean in addition to wheat flour, and even that wheat is a different variety than the durum wheat used in pasta. All of these differences in texture and flavor mean you usually can\'t substitute an Ita.\', price=\'125\', photo=\'1668748983_f686015b2b29dbc03c4a.webp\'  where item_name=\'Spicy Chinese Noodles\'')
 5 APPPATH\Controllers\ItemController.php(175): App\Models\Item_model->update_data('Spicy Chinese Noodles', 'Spicy Chinese Noodles', 'chinese', 'Asian noodles can be made with rice, yam, and mung bean in addition to wheat flour, and even that wheat is a different variety than the durum wheat used in pasta. All of these differences in texture and flavor mean you usually can\'t substitute an Ita.', '125', '1668748983_f686015b2b29dbc03c4a.webp')
 6 SYSTEMPATH\CodeIgniter.php(896): App\Controllers\ItemController->edit_admin_added_item()
 7 SYSTEMPATH\CodeIgniter.php(466): CodeIgniter\CodeIgniter->runController(Object(App\Controllers\ItemController))
 8 SYSTEMPATH\CodeIgniter.php(349): CodeIgniter\CodeIgniter->handleRequest(null, Object(Config\Cache), false)
 9 FCPATH\index.php(55): CodeIgniter\CodeIgniter->run()
