CRITICAL - 2022-11-18 01:04:41 --> Undefined variable: counter
in APPPATH\Views\single-product.php on line 140.
 1 APPPATH\Views\single-product.php(140): CodeIgniter\Debug\Exceptions->errorHandler(8, 'Undefined variable: counter', 'APPPATH\\Views\\single-product.php', 140, [...])
 2 SYSTEMPATH\View\View.php(213): include('APPPATH\\Views\\single-product.php')
 3 SYSTEMPATH\View\View.php(216): CodeIgniter\View\View->CodeIgniter\View\{closure}()
 4 SYSTEMPATH\Common.php(1135): CodeIgniter\View\View->render('single-product', [], true)
 5 APPPATH\Controllers\ItemController.php(34): view('single-product', [...])
 6 SYSTEMPATH\CodeIgniter.php(896): App\Controllers\ItemController->Single_Item_Web()
 7 SYSTEMPATH\CodeIgniter.php(466): CodeIgniter\CodeIgniter->runController(Object(App\Controllers\ItemController))
 8 SYSTEMPATH\CodeIgniter.php(349): CodeIgniter\CodeIgniter->handleRequest(null, Object(Config\Cache), false)
 9 FCPATH\index.php(55): CodeIgniter\CodeIgniter->run()
CRITICAL - 2022-11-18 01:05:20 --> Undefined variable: counter
in APPPATH\Views\single-product.php on line 141.
 1 APPPATH\Views\single-product.php(141): CodeIgniter\Debug\Exceptions->errorHandler(8, 'Undefined variable: counter', 'APPPATH\\Views\\single-product.php', 141, [...])
 2 SYSTEMPATH\View\View.php(213): include('APPPATH\\Views\\single-product.php')
 3 SYSTEMPATH\View\View.php(216): CodeIgniter\View\View->CodeIgniter\View\{closure}()
 4 SYSTEMPATH\Common.php(1135): CodeIgniter\View\View->render('single-product', [], true)
 5 APPPATH\Controllers\ItemController.php(34): view('single-product', [...])
 6 SYSTEMPATH\CodeIgniter.php(896): App\Controllers\ItemController->Single_Item_Web()
 7 SYSTEMPATH\CodeIgniter.php(466): CodeIgniter\CodeIgniter->runController(Object(App\Controllers\ItemController))
 8 SYSTEMPATH\CodeIgniter.php(349): CodeIgniter\CodeIgniter->handleRequest(null, Object(Config\Cache), false)
 9 FCPATH\index.php(55): CodeIgniter\CodeIgniter->run()
