CRITICAL - 2022-10-15 05:06:52 --> Invalid argument supplied for foreach()
in APPPATH\Views\tables_basic.php on line 27.
 1 APPPATH\Views\tables_basic.php(27): CodeIgniter\Debug\Exceptions->errorHandler(2, 'Invalid argument supplied for foreach()', 'APPPATH\\Views\\tables_basic.php', 27, [...])
 2 SYSTEMPATH\View\View.php(213): include('APPPATH\\Views\\tables_basic.php')
 3 SYSTEMPATH\View\View.php(216): CodeIgniter\View\View->CodeIgniter\View\{closure}()
 4 SYSTEMPATH\Common.php(1135): CodeIgniter\View\View->render('tables_basic', [], true)
 5 APPPATH\Controllers\FatchData.php(13): view('tables_basic', [...])
 6 SYSTEMPATH\CodeIgniter.php(896): App\Controllers\FatchData->fatch_register()
 7 SYSTEMPATH\CodeIgniter.php(466): CodeIgniter\CodeIgniter->runController(Object(App\Controllers\FatchData))
 8 SYSTEMPATH\CodeIgniter.php(349): CodeIgniter\CodeIgniter->handleRequest(null, Object(Config\Cache), false)
 9 FCPATH\index.php(55): CodeIgniter\CodeIgniter->run()
CRITICAL - 2022-10-15 05:25:00 --> Undefined variable: registers
in APPPATH\Views\tables_basic.php on line 27.
 1 APPPATH\Views\tables_basic.php(27): CodeIgniter\Debug\Exceptions->errorHandler(8, 'Undefined variable: registers', 'APPPATH\\Views\\tables_basic.php', 27, [...])
 2 SYSTEMPATH\View\View.php(213): include('APPPATH\\Views\\tables_basic.php')
 3 SYSTEMPATH\View\View.php(216): CodeIgniter\View\View->CodeIgniter\View\{closure}()
 4 SYSTEMPATH\Common.php(1135): CodeIgniter\View\View->render('tables_basic', [], true)
 5 APPPATH\Controllers\FatchData.php(13): view('tables_basic', [...])
 6 SYSTEMPATH\CodeIgniter.php(896): App\Controllers\FatchData->fatch_register()
 7 SYSTEMPATH\CodeIgniter.php(466): CodeIgniter\CodeIgniter->runController(Object(App\Controllers\FatchData))
 8 SYSTEMPATH\CodeIgniter.php(349): CodeIgniter\CodeIgniter->handleRequest(null, Object(Config\Cache), false)
 9 FCPATH\index.php(55): CodeIgniter\CodeIgniter->run()
CRITICAL - 2022-10-15 05:25:09 --> Invalid argument supplied for foreach()
in APPPATH\Views\tables_basic.php on line 27.
 1 APPPATH\Views\tables_basic.php(27): CodeIgniter\Debug\Exceptions->errorHandler(2, 'Invalid argument supplied for foreach()', 'APPPATH\\Views\\tables_basic.php', 27, [...])
 2 SYSTEMPATH\View\View.php(213): include('APPPATH\\Views\\tables_basic.php')
 3 SYSTEMPATH\View\View.php(216): CodeIgniter\View\View->CodeIgniter\View\{closure}()
 4 SYSTEMPATH\Common.php(1135): CodeIgniter\View\View->render('tables_basic', [], true)
 5 APPPATH\Controllers\FatchData.php(13): view('tables_basic', [...])
 6 SYSTEMPATH\CodeIgniter.php(896): App\Controllers\FatchData->fatch_register()
 7 SYSTEMPATH\CodeIgniter.php(466): CodeIgniter\CodeIgniter->runController(Object(App\Controllers\FatchData))
 8 SYSTEMPATH\CodeIgniter.php(349): CodeIgniter\CodeIgniter->handleRequest(null, Object(Config\Cache), false)
 9 FCPATH\index.php(55): CodeIgniter\CodeIgniter->run()
CRITICAL - 2022-10-15 05:29:49 --> Invalid argument supplied for foreach()
in APPPATH\Views\tables_basic.php on line 27.
 1 APPPATH\Views\tables_basic.php(27): CodeIgniter\Debug\Exceptions->errorHandler(2, 'Invalid argument supplied for foreach()', 'APPPATH\\Views\\tables_basic.php', 27, [...])
 2 SYSTEMPATH\View\View.php(213): include('APPPATH\\Views\\tables_basic.php')
 3 SYSTEMPATH\View\View.php(216): CodeIgniter\View\View->CodeIgniter\View\{closure}()
 4 SYSTEMPATH\Common.php(1135): CodeIgniter\View\View->render('tables_basic', [], true)
 5 APPPATH\Controllers\FatchData.php(13): view('tables_basic', [...])
 6 SYSTEMPATH\CodeIgniter.php(896): App\Controllers\FatchData->fatch_register()
 7 SYSTEMPATH\CodeIgniter.php(466): CodeIgniter\CodeIgniter->runController(Object(App\Controllers\FatchData))
 8 SYSTEMPATH\CodeIgniter.php(349): CodeIgniter\CodeIgniter->handleRequest(null, Object(Config\Cache), false)
 9 FCPATH\index.php(55): CodeIgniter\CodeIgniter->run()
CRITICAL - 2022-10-15 05:29:50 --> Invalid argument supplied for foreach()
in APPPATH\Views\tables_basic.php on line 27.
 1 APPPATH\Views\tables_basic.php(27): CodeIgniter\Debug\Exceptions->errorHandler(2, 'Invalid argument supplied for foreach()', 'APPPATH\\Views\\tables_basic.php', 27, [...])
 2 SYSTEMPATH\View\View.php(213): include('APPPATH\\Views\\tables_basic.php')
 3 SYSTEMPATH\View\View.php(216): CodeIgniter\View\View->CodeIgniter\View\{closure}()
 4 SYSTEMPATH\Common.php(1135): CodeIgniter\View\View->render('tables_basic', [], true)
 5 APPPATH\Controllers\FatchData.php(13): view('tables_basic', [...])
 6 SYSTEMPATH\CodeIgniter.php(896): App\Controllers\FatchData->fatch_register()
 7 SYSTEMPATH\CodeIgniter.php(466): CodeIgniter\CodeIgniter->runController(Object(App\Controllers\FatchData))
 8 SYSTEMPATH\CodeIgniter.php(349): CodeIgniter\CodeIgniter->handleRequest(null, Object(Config\Cache), false)
 9 FCPATH\index.php(55): CodeIgniter\CodeIgniter->run()
CRITICAL - 2022-10-15 05:29:50 --> Invalid argument supplied for foreach()
in APPPATH\Views\tables_basic.php on line 27.
 1 APPPATH\Views\tables_basic.php(27): CodeIgniter\Debug\Exceptions->errorHandler(2, 'Invalid argument supplied for foreach()', 'APPPATH\\Views\\tables_basic.php', 27, [...])
 2 SYSTEMPATH\View\View.php(213): include('APPPATH\\Views\\tables_basic.php')
 3 SYSTEMPATH\View\View.php(216): CodeIgniter\View\View->CodeIgniter\View\{closure}()
 4 SYSTEMPATH\Common.php(1135): CodeIgniter\View\View->render('tables_basic', [], true)
 5 APPPATH\Controllers\FatchData.php(13): view('tables_basic', [...])
 6 SYSTEMPATH\CodeIgniter.php(896): App\Controllers\FatchData->fatch_register()
 7 SYSTEMPATH\CodeIgniter.php(466): CodeIgniter\CodeIgniter->runController(Object(App\Controllers\FatchData))
 8 SYSTEMPATH\CodeIgniter.php(349): CodeIgniter\CodeIgniter->handleRequest(null, Object(Config\Cache), false)
 9 FCPATH\index.php(55): CodeIgniter\CodeIgniter->run()
CRITICAL - 2022-10-15 05:29:50 --> Invalid argument supplied for foreach()
in APPPATH\Views\tables_basic.php on line 27.
 1 APPPATH\Views\tables_basic.php(27): CodeIgniter\Debug\Exceptions->errorHandler(2, 'Invalid argument supplied for foreach()', 'APPPATH\\Views\\tables_basic.php', 27, [...])
 2 SYSTEMPATH\View\View.php(213): include('APPPATH\\Views\\tables_basic.php')
 3 SYSTEMPATH\View\View.php(216): CodeIgniter\View\View->CodeIgniter\View\{closure}()
 4 SYSTEMPATH\Common.php(1135): CodeIgniter\View\View->render('tables_basic', [], true)
 5 APPPATH\Controllers\FatchData.php(13): view('tables_basic', [...])
 6 SYSTEMPATH\CodeIgniter.php(896): App\Controllers\FatchData->fatch_register()
 7 SYSTEMPATH\CodeIgniter.php(466): CodeIgniter\CodeIgniter->runController(Object(App\Controllers\FatchData))
 8 SYSTEMPATH\CodeIgniter.php(349): CodeIgniter\CodeIgniter->handleRequest(null, Object(Config\Cache), false)
 9 FCPATH\index.php(55): CodeIgniter\CodeIgniter->run()
CRITICAL - 2022-10-15 05:29:51 --> Invalid argument supplied for foreach()
in APPPATH\Views\tables_basic.php on line 27.
 1 APPPATH\Views\tables_basic.php(27): CodeIgniter\Debug\Exceptions->errorHandler(2, 'Invalid argument supplied for foreach()', 'APPPATH\\Views\\tables_basic.php', 27, [...])
 2 SYSTEMPATH\View\View.php(213): include('APPPATH\\Views\\tables_basic.php')
 3 SYSTEMPATH\View\View.php(216): CodeIgniter\View\View->CodeIgniter\View\{closure}()
 4 SYSTEMPATH\Common.php(1135): CodeIgniter\View\View->render('tables_basic', [], true)
 5 APPPATH\Controllers\FatchData.php(13): view('tables_basic', [...])
 6 SYSTEMPATH\CodeIgniter.php(896): App\Controllers\FatchData->fatch_register()
 7 SYSTEMPATH\CodeIgniter.php(466): CodeIgniter\CodeIgniter->runController(Object(App\Controllers\FatchData))
 8 SYSTEMPATH\CodeIgniter.php(349): CodeIgniter\CodeIgniter->handleRequest(null, Object(Config\Cache), false)
 9 FCPATH\index.php(55): CodeIgniter\CodeIgniter->run()
CRITICAL - 2022-10-15 05:29:51 --> Invalid argument supplied for foreach()
in APPPATH\Views\tables_basic.php on line 27.
 1 APPPATH\Views\tables_basic.php(27): CodeIgniter\Debug\Exceptions->errorHandler(2, 'Invalid argument supplied for foreach()', 'APPPATH\\Views\\tables_basic.php', 27, [...])
 2 SYSTEMPATH\View\View.php(213): include('APPPATH\\Views\\tables_basic.php')
 3 SYSTEMPATH\View\View.php(216): CodeIgniter\View\View->CodeIgniter\View\{closure}()
 4 SYSTEMPATH\Common.php(1135): CodeIgniter\View\View->render('tables_basic', [], true)
 5 APPPATH\Controllers\FatchData.php(13): view('tables_basic', [...])
 6 SYSTEMPATH\CodeIgniter.php(896): App\Controllers\FatchData->fatch_register()
 7 SYSTEMPATH\CodeIgniter.php(466): CodeIgniter\CodeIgniter->runController(Object(App\Controllers\FatchData))
 8 SYSTEMPATH\CodeIgniter.php(349): CodeIgniter\CodeIgniter->handleRequest(null, Object(Config\Cache), false)
 9 FCPATH\index.php(55): CodeIgniter\CodeIgniter->run()
CRITICAL - 2022-10-15 05:29:51 --> Invalid argument supplied for foreach()
in APPPATH\Views\tables_basic.php on line 27.
 1 APPPATH\Views\tables_basic.php(27): CodeIgniter\Debug\Exceptions->errorHandler(2, 'Invalid argument supplied for foreach()', 'APPPATH\\Views\\tables_basic.php', 27, [...])
 2 SYSTEMPATH\View\View.php(213): include('APPPATH\\Views\\tables_basic.php')
 3 SYSTEMPATH\View\View.php(216): CodeIgniter\View\View->CodeIgniter\View\{closure}()
 4 SYSTEMPATH\Common.php(1135): CodeIgniter\View\View->render('tables_basic', [], true)
 5 APPPATH\Controllers\FatchData.php(13): view('tables_basic', [...])
 6 SYSTEMPATH\CodeIgniter.php(896): App\Controllers\FatchData->fatch_register()
 7 SYSTEMPATH\CodeIgniter.php(466): CodeIgniter\CodeIgniter->runController(Object(App\Controllers\FatchData))
 8 SYSTEMPATH\CodeIgniter.php(349): CodeIgniter\CodeIgniter->handleRequest(null, Object(Config\Cache), false)
 9 FCPATH\index.php(55): CodeIgniter\CodeIgniter->run()
CRITICAL - 2022-10-15 05:29:51 --> Invalid argument supplied for foreach()
in APPPATH\Views\tables_basic.php on line 27.
 1 APPPATH\Views\tables_basic.php(27): CodeIgniter\Debug\Exceptions->errorHandler(2, 'Invalid argument supplied for foreach()', 'APPPATH\\Views\\tables_basic.php', 27, [...])
 2 SYSTEMPATH\View\View.php(213): include('APPPATH\\Views\\tables_basic.php')
 3 SYSTEMPATH\View\View.php(216): CodeIgniter\View\View->CodeIgniter\View\{closure}()
 4 SYSTEMPATH\Common.php(1135): CodeIgniter\View\View->render('tables_basic', [], true)
 5 APPPATH\Controllers\FatchData.php(13): view('tables_basic', [...])
 6 SYSTEMPATH\CodeIgniter.php(896): App\Controllers\FatchData->fatch_register()
 7 SYSTEMPATH\CodeIgniter.php(466): CodeIgniter\CodeIgniter->runController(Object(App\Controllers\FatchData))
 8 SYSTEMPATH\CodeIgniter.php(349): CodeIgniter\CodeIgniter->handleRequest(null, Object(Config\Cache), false)
 9 FCPATH\index.php(55): CodeIgniter\CodeIgniter->run()
CRITICAL - 2022-10-15 05:34:09 --> Invalid argument supplied for foreach()
in APPPATH\Views\tables_basic.php on line 27.
 1 APPPATH\Views\tables_basic.php(27): CodeIgniter\Debug\Exceptions->errorHandler(2, 'Invalid argument supplied for foreach()', 'APPPATH\\Views\\tables_basic.php', 27, [...])
 2 SYSTEMPATH\View\View.php(213): include('APPPATH\\Views\\tables_basic.php')
 3 SYSTEMPATH\View\View.php(216): CodeIgniter\View\View->CodeIgniter\View\{closure}()
 4 SYSTEMPATH\Common.php(1135): CodeIgniter\View\View->render('tables_basic', [], true)
 5 APPPATH\Controllers\FatchData.php(13): view('tables_basic', [...])
 6 SYSTEMPATH\CodeIgniter.php(896): App\Controllers\FatchData->fatch_register()
 7 SYSTEMPATH\CodeIgniter.php(466): CodeIgniter\CodeIgniter->runController(Object(App\Controllers\FatchData))
 8 SYSTEMPATH\CodeIgniter.php(349): CodeIgniter\CodeIgniter->handleRequest(null, Object(Config\Cache), false)
 9 FCPATH\index.php(55): CodeIgniter\CodeIgniter->run()
CRITICAL - 2022-10-15 05:34:11 --> Invalid argument supplied for foreach()
in APPPATH\Views\tables_basic.php on line 27.
 1 APPPATH\Views\tables_basic.php(27): CodeIgniter\Debug\Exceptions->errorHandler(2, 'Invalid argument supplied for foreach()', 'APPPATH\\Views\\tables_basic.php', 27, [...])
 2 SYSTEMPATH\View\View.php(213): include('APPPATH\\Views\\tables_basic.php')
 3 SYSTEMPATH\View\View.php(216): CodeIgniter\View\View->CodeIgniter\View\{closure}()
 4 SYSTEMPATH\Common.php(1135): CodeIgniter\View\View->render('tables_basic', [], true)
 5 APPPATH\Controllers\FatchData.php(13): view('tables_basic', [...])
 6 SYSTEMPATH\CodeIgniter.php(896): App\Controllers\FatchData->fatch_register()
 7 SYSTEMPATH\CodeIgniter.php(466): CodeIgniter\CodeIgniter->runController(Object(App\Controllers\FatchData))
 8 SYSTEMPATH\CodeIgniter.php(349): CodeIgniter\CodeIgniter->handleRequest(null, Object(Config\Cache), false)
 9 FCPATH\index.php(55): CodeIgniter\CodeIgniter->run()
CRITICAL - 2022-10-15 05:34:11 --> Invalid argument supplied for foreach()
in APPPATH\Views\tables_basic.php on line 27.
 1 APPPATH\Views\tables_basic.php(27): CodeIgniter\Debug\Exceptions->errorHandler(2, 'Invalid argument supplied for foreach()', 'APPPATH\\Views\\tables_basic.php', 27, [...])
 2 SYSTEMPATH\View\View.php(213): include('APPPATH\\Views\\tables_basic.php')
 3 SYSTEMPATH\View\View.php(216): CodeIgniter\View\View->CodeIgniter\View\{closure}()
 4 SYSTEMPATH\Common.php(1135): CodeIgniter\View\View->render('tables_basic', [], true)
 5 APPPATH\Controllers\FatchData.php(13): view('tables_basic', [...])
 6 SYSTEMPATH\CodeIgniter.php(896): App\Controllers\FatchData->fatch_register()
 7 SYSTEMPATH\CodeIgniter.php(466): CodeIgniter\CodeIgniter->runController(Object(App\Controllers\FatchData))
 8 SYSTEMPATH\CodeIgniter.php(349): CodeIgniter\CodeIgniter->handleRequest(null, Object(Config\Cache), false)
 9 FCPATH\index.php(55): CodeIgniter\CodeIgniter->run()
CRITICAL - 2022-10-15 05:34:11 --> Invalid argument supplied for foreach()
in APPPATH\Views\tables_basic.php on line 27.
 1 APPPATH\Views\tables_basic.php(27): CodeIgniter\Debug\Exceptions->errorHandler(2, 'Invalid argument supplied for foreach()', 'APPPATH\\Views\\tables_basic.php', 27, [...])
 2 SYSTEMPATH\View\View.php(213): include('APPPATH\\Views\\tables_basic.php')
 3 SYSTEMPATH\View\View.php(216): CodeIgniter\View\View->CodeIgniter\View\{closure}()
 4 SYSTEMPATH\Common.php(1135): CodeIgniter\View\View->render('tables_basic', [], true)
 5 APPPATH\Controllers\FatchData.php(13): view('tables_basic', [...])
 6 SYSTEMPATH\CodeIgniter.php(896): App\Controllers\FatchData->fatch_register()
 7 SYSTEMPATH\CodeIgniter.php(466): CodeIgniter\CodeIgniter->runController(Object(App\Controllers\FatchData))
 8 SYSTEMPATH\CodeIgniter.php(349): CodeIgniter\CodeIgniter->handleRequest(null, Object(Config\Cache), false)
 9 FCPATH\index.php(55): CodeIgniter\CodeIgniter->run()
CRITICAL - 2022-10-15 05:34:11 --> Invalid argument supplied for foreach()
in APPPATH\Views\tables_basic.php on line 27.
 1 APPPATH\Views\tables_basic.php(27): CodeIgniter\Debug\Exceptions->errorHandler(2, 'Invalid argument supplied for foreach()', 'APPPATH\\Views\\tables_basic.php', 27, [...])
 2 SYSTEMPATH\View\View.php(213): include('APPPATH\\Views\\tables_basic.php')
 3 SYSTEMPATH\View\View.php(216): CodeIgniter\View\View->CodeIgniter\View\{closure}()
 4 SYSTEMPATH\Common.php(1135): CodeIgniter\View\View->render('tables_basic', [], true)
 5 APPPATH\Controllers\FatchData.php(13): view('tables_basic', [...])
 6 SYSTEMPATH\CodeIgniter.php(896): App\Controllers\FatchData->fatch_register()
 7 SYSTEMPATH\CodeIgniter.php(466): CodeIgniter\CodeIgniter->runController(Object(App\Controllers\FatchData))
 8 SYSTEMPATH\CodeIgniter.php(349): CodeIgniter\CodeIgniter->handleRequest(null, Object(Config\Cache), false)
 9 FCPATH\index.php(55): CodeIgniter\CodeIgniter->run()
CRITICAL - 2022-10-15 05:34:12 --> Invalid argument supplied for foreach()
in APPPATH\Views\tables_basic.php on line 27.
 1 APPPATH\Views\tables_basic.php(27): CodeIgniter\Debug\Exceptions->errorHandler(2, 'Invalid argument supplied for foreach()', 'APPPATH\\Views\\tables_basic.php', 27, [...])
 2 SYSTEMPATH\View\View.php(213): include('APPPATH\\Views\\tables_basic.php')
 3 SYSTEMPATH\View\View.php(216): CodeIgniter\View\View->CodeIgniter\View\{closure}()
 4 SYSTEMPATH\Common.php(1135): CodeIgniter\View\View->render('tables_basic', [], true)
 5 APPPATH\Controllers\FatchData.php(13): view('tables_basic', [...])
 6 SYSTEMPATH\CodeIgniter.php(896): App\Controllers\FatchData->fatch_register()
 7 SYSTEMPATH\CodeIgniter.php(466): CodeIgniter\CodeIgniter->runController(Object(App\Controllers\FatchData))
 8 SYSTEMPATH\CodeIgniter.php(349): CodeIgniter\CodeIgniter->handleRequest(null, Object(Config\Cache), false)
 9 FCPATH\index.php(55): CodeIgniter\CodeIgniter->run()
CRITICAL - 2022-10-15 05:34:51 --> syntax error, unexpected '=>' (T_DOUBLE_ARROW), expecting '['
in APPPATH\Views\tables_basic.php on line 27.
 1 SYSTEMPATH\View\View.php(216): CodeIgniter\View\View->CodeIgniter\View\{closure}()
 2 SYSTEMPATH\Common.php(1135): CodeIgniter\View\View->render('tables_basic', [], true)
 3 APPPATH\Controllers\FatchData.php(13): view('tables_basic', [...])
 4 SYSTEMPATH\CodeIgniter.php(896): App\Controllers\FatchData->fatch_register()
 5 SYSTEMPATH\CodeIgniter.php(466): CodeIgniter\CodeIgniter->runController(Object(App\Controllers\FatchData))
 6 SYSTEMPATH\CodeIgniter.php(349): CodeIgniter\CodeIgniter->handleRequest(null, Object(Config\Cache), false)
 7 FCPATH\index.php(55): CodeIgniter\CodeIgniter->run()
CRITICAL - 2022-10-15 05:35:30 --> Invalid argument supplied for foreach()
in APPPATH\Views\tables_basic.php on line 27.
 1 APPPATH\Views\tables_basic.php(27): CodeIgniter\Debug\Exceptions->errorHandler(2, 'Invalid argument supplied for foreach()', 'APPPATH\\Views\\tables_basic.php', 27, [...])
 2 SYSTEMPATH\View\View.php(213): include('APPPATH\\Views\\tables_basic.php')
 3 SYSTEMPATH\View\View.php(216): CodeIgniter\View\View->CodeIgniter\View\{closure}()
 4 SYSTEMPATH\Common.php(1135): CodeIgniter\View\View->render('tables_basic', [], true)
 5 APPPATH\Controllers\FatchData.php(13): view('tables_basic', [...])
 6 SYSTEMPATH\CodeIgniter.php(896): App\Controllers\FatchData->fatch_register()
 7 SYSTEMPATH\CodeIgniter.php(466): CodeIgniter\CodeIgniter->runController(Object(App\Controllers\FatchData))
 8 SYSTEMPATH\CodeIgniter.php(349): CodeIgniter\CodeIgniter->handleRequest(null, Object(Config\Cache), false)
 9 FCPATH\index.php(55): CodeIgniter\CodeIgniter->run()
CRITICAL - 2022-10-15 05:36:12 --> Undefined variable: userdata
in APPPATH\Views\tables_basic.php on line 27.
 1 APPPATH\Views\tables_basic.php(27): CodeIgniter\Debug\Exceptions->errorHandler(8, 'Undefined variable: userdata', 'APPPATH\\Views\\tables_basic.php', 27, [...])
 2 SYSTEMPATH\View\View.php(213): include('APPPATH\\Views\\tables_basic.php')
 3 SYSTEMPATH\View\View.php(216): CodeIgniter\View\View->CodeIgniter\View\{closure}()
 4 SYSTEMPATH\Common.php(1135): CodeIgniter\View\View->render('tables_basic', [], true)
 5 APPPATH\Controllers\FatchData.php(13): view('tables_basic', [...])
 6 SYSTEMPATH\CodeIgniter.php(896): App\Controllers\FatchData->fatch_register()
 7 SYSTEMPATH\CodeIgniter.php(466): CodeIgniter\CodeIgniter->runController(Object(App\Controllers\FatchData))
 8 SYSTEMPATH\CodeIgniter.php(349): CodeIgniter\CodeIgniter->handleRequest(null, Object(Config\Cache), false)
 9 FCPATH\index.php(55): CodeIgniter\CodeIgniter->run()
CRITICAL - 2022-10-15 05:37:14 --> Array to string conversion
in APPPATH\Controllers\FatchData.php on line 13.
 1 APPPATH\Controllers\FatchData.php(13): CodeIgniter\Debug\Exceptions->errorHandler(8, 'Array to string conversion', 'APPPATH\\Controllers\\FatchData.php', 13, [...])
 2 SYSTEMPATH\CodeIgniter.php(896): App\Controllers\FatchData->fatch_register()
 3 SYSTEMPATH\CodeIgniter.php(466): CodeIgniter\CodeIgniter->runController(Object(App\Controllers\FatchData))
 4 SYSTEMPATH\CodeIgniter.php(349): CodeIgniter\CodeIgniter->handleRequest(null, Object(Config\Cache), false)
 5 FCPATH\index.php(55): CodeIgniter\CodeIgniter->run()
CRITICAL - 2022-10-15 05:40:57 --> Invalid argument supplied for foreach()
in APPPATH\Controllers\FatchData.php on line 14.
 1 APPPATH\Controllers\FatchData.php(14): CodeIgniter\Debug\Exceptions->errorHandler(2, 'Invalid argument supplied for foreach()', 'APPPATH\\Controllers\\FatchData.php', 14, [...])
 2 SYSTEMPATH\CodeIgniter.php(896): App\Controllers\FatchData->fatch_register()
 3 SYSTEMPATH\CodeIgniter.php(466): CodeIgniter\CodeIgniter->runController(Object(App\Controllers\FatchData))
 4 SYSTEMPATH\CodeIgniter.php(349): CodeIgniter\CodeIgniter->handleRequest(null, Object(Config\Cache), false)
 5 FCPATH\index.php(55): CodeIgniter\CodeIgniter->run()
CRITICAL - 2022-10-15 05:45:40 --> Undefined property: App\Controllers\FatchData::$
in APPPATH\Controllers\FatchData.php on line 13.
 1 APPPATH\Controllers\FatchData.php(13): CodeIgniter\Debug\Exceptions->errorHandler(8, 'Undefined property: App\\Controllers\\FatchData::$', 'APPPATH\\Controllers\\FatchData.php', 13, [...])
 2 SYSTEMPATH\CodeIgniter.php(896): App\Controllers\FatchData->fatch_register()
 3 SYSTEMPATH\CodeIgniter.php(466): CodeIgniter\CodeIgniter->runController(Object(App\Controllers\FatchData))
 4 SYSTEMPATH\CodeIgniter.php(349): CodeIgniter\CodeIgniter->handleRequest(null, Object(Config\Cache), false)
 5 FCPATH\index.php(55): CodeIgniter\CodeIgniter->run()
CRITICAL - 2022-10-15 05:46:26 --> Undefined property: App\Controllers\FatchData::$userdata
in APPPATH\Controllers\FatchData.php on line 13.
 1 APPPATH\Controllers\FatchData.php(13): CodeIgniter\Debug\Exceptions->errorHandler(8, 'Undefined property: App\\Controllers\\FatchData::$userdata', 'APPPATH\\Controllers\\FatchData.php', 13, [...])
 2 SYSTEMPATH\CodeIgniter.php(896): App\Controllers\FatchData->fatch_register()
 3 SYSTEMPATH\CodeIgniter.php(466): CodeIgniter\CodeIgniter->runController(Object(App\Controllers\FatchData))
 4 SYSTEMPATH\CodeIgniter.php(349): CodeIgniter\CodeIgniter->handleRequest(null, Object(Config\Cache), false)
 5 FCPATH\index.php(55): CodeIgniter\CodeIgniter->run()
CRITICAL - 2022-10-15 06:02:26 --> Invalid argument supplied for foreach()
in APPPATH\Views\tables_basic.php on line 27.
 1 APPPATH\Views\tables_basic.php(27): CodeIgniter\Debug\Exceptions->errorHandler(2, 'Invalid argument supplied for foreach()', 'APPPATH\\Views\\tables_basic.php', 27, [...])
 2 SYSTEMPATH\View\View.php(213): include('APPPATH\\Views\\tables_basic.php')
 3 SYSTEMPATH\View\View.php(216): CodeIgniter\View\View->CodeIgniter\View\{closure}()
 4 SYSTEMPATH\Common.php(1135): CodeIgniter\View\View->render('tables_basic', [], true)
 5 APPPATH\Controllers\FatchData.php(20): view('tables_basic', [...])
 6 SYSTEMPATH\CodeIgniter.php(896): App\Controllers\FatchData->fatch_register()
 7 SYSTEMPATH\CodeIgniter.php(466): CodeIgniter\CodeIgniter->runController(Object(App\Controllers\FatchData))
 8 SYSTEMPATH\CodeIgniter.php(349): CodeIgniter\CodeIgniter->handleRequest(null, Object(Config\Cache), false)
 9 FCPATH\index.php(55): CodeIgniter\CodeIgniter->run()
CRITICAL - 2022-10-15 06:02:34 --> Invalid argument supplied for foreach()
in APPPATH\Views\tables_basic.php on line 27.
 1 APPPATH\Views\tables_basic.php(27): CodeIgniter\Debug\Exceptions->errorHandler(2, 'Invalid argument supplied for foreach()', 'APPPATH\\Views\\tables_basic.php', 27, [...])
 2 SYSTEMPATH\View\View.php(213): include('APPPATH\\Views\\tables_basic.php')
 3 SYSTEMPATH\View\View.php(216): CodeIgniter\View\View->CodeIgniter\View\{closure}()
 4 SYSTEMPATH\Common.php(1135): CodeIgniter\View\View->render('tables_basic', [], true)
 5 APPPATH\Controllers\FatchData.php(20): view('tables_basic', [...])
 6 SYSTEMPATH\CodeIgniter.php(896): App\Controllers\FatchData->fatch_register()
 7 SYSTEMPATH\CodeIgniter.php(466): CodeIgniter\CodeIgniter->runController(Object(App\Controllers\FatchData))
 8 SYSTEMPATH\CodeIgniter.php(349): CodeIgniter\CodeIgniter->handleRequest(null, Object(Config\Cache), false)
 9 FCPATH\index.php(55): CodeIgniter\CodeIgniter->run()
CRITICAL - 2022-10-15 06:02:36 --> Invalid argument supplied for foreach()
in APPPATH\Views\tables_basic.php on line 27.
 1 APPPATH\Views\tables_basic.php(27): CodeIgniter\Debug\Exceptions->errorHandler(2, 'Invalid argument supplied for foreach()', 'APPPATH\\Views\\tables_basic.php', 27, [...])
 2 SYSTEMPATH\View\View.php(213): include('APPPATH\\Views\\tables_basic.php')
 3 SYSTEMPATH\View\View.php(216): CodeIgniter\View\View->CodeIgniter\View\{closure}()
 4 SYSTEMPATH\Common.php(1135): CodeIgniter\View\View->render('tables_basic', [], true)
 5 APPPATH\Controllers\FatchData.php(20): view('tables_basic', [...])
 6 SYSTEMPATH\CodeIgniter.php(896): App\Controllers\FatchData->fatch_register()
 7 SYSTEMPATH\CodeIgniter.php(466): CodeIgniter\CodeIgniter->runController(Object(App\Controllers\FatchData))
 8 SYSTEMPATH\CodeIgniter.php(349): CodeIgniter\CodeIgniter->handleRequest(null, Object(Config\Cache), false)
 9 FCPATH\index.php(55): CodeIgniter\CodeIgniter->run()
CRITICAL - 2022-10-15 06:02:36 --> Invalid argument supplied for foreach()
in APPPATH\Views\tables_basic.php on line 27.
 1 APPPATH\Views\tables_basic.php(27): CodeIgniter\Debug\Exceptions->errorHandler(2, 'Invalid argument supplied for foreach()', 'APPPATH\\Views\\tables_basic.php', 27, [...])
 2 SYSTEMPATH\View\View.php(213): include('APPPATH\\Views\\tables_basic.php')
 3 SYSTEMPATH\View\View.php(216): CodeIgniter\View\View->CodeIgniter\View\{closure}()
 4 SYSTEMPATH\Common.php(1135): CodeIgniter\View\View->render('tables_basic', [], true)
 5 APPPATH\Controllers\FatchData.php(20): view('tables_basic', [...])
 6 SYSTEMPATH\CodeIgniter.php(896): App\Controllers\FatchData->fatch_register()
 7 SYSTEMPATH\CodeIgniter.php(466): CodeIgniter\CodeIgniter->runController(Object(App\Controllers\FatchData))
 8 SYSTEMPATH\CodeIgniter.php(349): CodeIgniter\CodeIgniter->handleRequest(null, Object(Config\Cache), false)
 9 FCPATH\index.php(55): CodeIgniter\CodeIgniter->run()
CRITICAL - 2022-10-15 06:11:38 --> Undefined variable: userdata
in APPPATH\Views\tables_basic.php on line 28.
 1 APPPATH\Views\tables_basic.php(28): CodeIgniter\Debug\Exceptions->errorHandler(8, 'Undefined variable: userdata', 'APPPATH\\Views\\tables_basic.php', 28, [...])
 2 SYSTEMPATH\View\View.php(213): include('APPPATH\\Views\\tables_basic.php')
 3 SYSTEMPATH\View\View.php(216): CodeIgniter\View\View->CodeIgniter\View\{closure}()
 4 SYSTEMPATH\Common.php(1135): CodeIgniter\View\View->render('tables_basic', [], true)
 5 APPPATH\Controllers\FatchData.php(20): view('tables_basic', [...])
 6 SYSTEMPATH\CodeIgniter.php(896): App\Controllers\FatchData->fatch_register()
 7 SYSTEMPATH\CodeIgniter.php(466): CodeIgniter\CodeIgniter->runController(Object(App\Controllers\FatchData))
 8 SYSTEMPATH\CodeIgniter.php(349): CodeIgniter\CodeIgniter->handleRequest(null, Object(Config\Cache), false)
 9 FCPATH\index.php(55): CodeIgniter\CodeIgniter->run()
CRITICAL - 2022-10-15 06:13:41 --> Undefined variable: user
in APPPATH\Views\tables_basic.php on line 31.
 1 APPPATH\Views\tables_basic.php(31): CodeIgniter\Debug\Exceptions->errorHandler(8, 'Undefined variable: user', 'APPPATH\\Views\\tables_basic.php', 31, [...])
 2 SYSTEMPATH\View\View.php(213): include('APPPATH\\Views\\tables_basic.php')
 3 SYSTEMPATH\View\View.php(216): CodeIgniter\View\View->CodeIgniter\View\{closure}()
 4 SYSTEMPATH\Common.php(1135): CodeIgniter\View\View->render('tables_basic', [], true)
 5 APPPATH\Controllers\UserController.php(20): view('tables_basic', [...])
 6 SYSTEMPATH\CodeIgniter.php(896): App\Controllers\UserController->ManageUsers()
 7 SYSTEMPATH\CodeIgniter.php(466): CodeIgniter\CodeIgniter->runController(Object(App\Controllers\UserController))
 8 SYSTEMPATH\CodeIgniter.php(349): CodeIgniter\CodeIgniter->handleRequest(null, Object(Config\Cache), false)
 9 FCPATH\index.php(55): CodeIgniter\CodeIgniter->run()
CRITICAL - 2022-10-15 06:14:21 --> Undefined index: passeord
in APPPATH\Views\tables_basic.php on line 35.
 1 APPPATH\Views\tables_basic.php(35): CodeIgniter\Debug\Exceptions->errorHandler(8, 'Undefined index: passeord', 'APPPATH\\Views\\tables_basic.php', 35, [...])
 2 SYSTEMPATH\View\View.php(213): include('APPPATH\\Views\\tables_basic.php')
 3 SYSTEMPATH\View\View.php(216): CodeIgniter\View\View->CodeIgniter\View\{closure}()
 4 SYSTEMPATH\Common.php(1135): CodeIgniter\View\View->render('tables_basic', [], true)
 5 APPPATH\Controllers\UserController.php(20): view('tables_basic', [...])
 6 SYSTEMPATH\CodeIgniter.php(896): App\Controllers\UserController->ManageUsers()
 7 SYSTEMPATH\CodeIgniter.php(466): CodeIgniter\CodeIgniter->runController(Object(App\Controllers\UserController))
 8 SYSTEMPATH\CodeIgniter.php(349): CodeIgniter\CodeIgniter->handleRequest(null, Object(Config\Cache), false)
 9 FCPATH\index.php(55): CodeIgniter\CodeIgniter->run()
ERROR - 2022-10-15 06:41:58 --> Email: sendWithSmtp throwed fsockopen(): SSL: The operation completed successfully.

ERROR - 2022-10-15 08:59:45 --> Email: sendWithSmtp throwed fsockopen(): unable to connect to tls://smtp.gmail.com:465 (A connection attempt failed because the connected party did not properly respond after a period of time, or established connection failed because connected host has failed to respond.
)
CRITICAL - 2022-10-15 09:33:33 --> Undefined variable: userdata
in APPPATH\Views\pages_account_settings_account.php on line 71.
 1 APPPATH\Views\pages_account_settings_account.php(71): CodeIgniter\Debug\Exceptions->errorHandler(8, 'Undefined variable: userdata', 'APPPATH\\Views\\pages_account_settings_account.php', 71, [])
 2 SYSTEMPATH\View\View.php(213): include('APPPATH\\Views\\pages_account_settings_account.php')
 3 SYSTEMPATH\View\View.php(216): CodeIgniter\View\View->CodeIgniter\View\{closure}()
 4 SYSTEMPATH\Common.php(1135): CodeIgniter\View\View->render('pages_account_settings_account', [], true)
 5 APPPATH\Controllers\Home2.php(24): view('pages_account_settings_account')
 6 SYSTEMPATH\CodeIgniter.php(896): App\Controllers\Home2->pages_account_settings_account()
 7 SYSTEMPATH\CodeIgniter.php(466): CodeIgniter\CodeIgniter->runController(Object(App\Controllers\Home2))
 8 SYSTEMPATH\CodeIgniter.php(349): CodeIgniter\CodeIgniter->handleRequest(null, Object(Config\Cache), false)
 9 FCPATH\index.php(55): CodeIgniter\CodeIgniter->run()
CRITICAL - 2022-10-15 09:56:49 --> Undefined variable: userdata
in APPPATH\Views\pages_account_settings_account.php on line 24.
 1 APPPATH\Views\pages_account_settings_account.php(24): CodeIgniter\Debug\Exceptions->errorHandler(8, 'Undefined variable: userdata', 'APPPATH\\Views\\pages_account_settings_account.php', 24, [])
 2 SYSTEMPATH\View\View.php(213): include('APPPATH\\Views\\pages_account_settings_account.php')
 3 SYSTEMPATH\View\View.php(216): CodeIgniter\View\View->CodeIgniter\View\{closure}()
 4 SYSTEMPATH\Common.php(1135): CodeIgniter\View\View->render('pages_account_settings_account', [], true)
 5 APPPATH\Controllers\Home2.php(24): view('pages_account_settings_account')
 6 SYSTEMPATH\CodeIgniter.php(896): App\Controllers\Home2->pages_account_settings_account()
 7 SYSTEMPATH\CodeIgniter.php(466): CodeIgniter\CodeIgniter->runController(Object(App\Controllers\Home2))
 8 SYSTEMPATH\CodeIgniter.php(349): CodeIgniter\CodeIgniter->handleRequest(null, Object(Config\Cache), false)
 9 FCPATH\index.php(55): CodeIgniter\CodeIgniter->run()
CRITICAL - 2022-10-15 09:57:38 --> Undefined variable: path
in APPPATH\Views\pages_account_settings_account.php on line 29.
 1 APPPATH\Views\pages_account_settings_account.php(29): CodeIgniter\Debug\Exceptions->errorHandler(8, 'Undefined variable: path', 'APPPATH\\Views\\pages_account_settings_account.php', 29, [])
 2 SYSTEMPATH\View\View.php(213): include('APPPATH\\Views\\pages_account_settings_account.php')
 3 SYSTEMPATH\View\View.php(216): CodeIgniter\View\View->CodeIgniter\View\{closure}()
 4 SYSTEMPATH\Common.php(1135): CodeIgniter\View\View->render('pages_account_settings_account', [], true)
 5 APPPATH\Controllers\Home2.php(24): view('pages_account_settings_account')
 6 SYSTEMPATH\CodeIgniter.php(896): App\Controllers\Home2->pages_account_settings_account()
 7 SYSTEMPATH\CodeIgniter.php(466): CodeIgniter\CodeIgniter->runController(Object(App\Controllers\Home2))
 8 SYSTEMPATH\CodeIgniter.php(349): CodeIgniter\CodeIgniter->handleRequest(null, Object(Config\Cache), false)
 9 FCPATH\index.php(55): CodeIgniter\CodeIgniter->run()
CRITICAL - 2022-10-15 10:52:02 --> Undefined variable: userdata
in APPPATH\Views\pages_account_settings_account.php on line 24.
 1 APPPATH\Views\pages_account_settings_account.php(24): CodeIgniter\Debug\Exceptions->errorHandler(8, 'Undefined variable: userdata', 'APPPATH\\Views\\pages_account_settings_account.php', 24, [])
 2 SYSTEMPATH\View\View.php(213): include('APPPATH\\Views\\pages_account_settings_account.php')
 3 SYSTEMPATH\View\View.php(216): CodeIgniter\View\View->CodeIgniter\View\{closure}()
 4 SYSTEMPATH\Common.php(1135): CodeIgniter\View\View->render('pages_account_settings_account', [], true)
 5 APPPATH\Controllers\Home2.php(24): view('pages_account_settings_account')
 6 SYSTEMPATH\CodeIgniter.php(896): App\Controllers\Home2->pages_account_settings_account()
 7 SYSTEMPATH\CodeIgniter.php(466): CodeIgniter\CodeIgniter->runController(Object(App\Controllers\Home2))
 8 SYSTEMPATH\CodeIgniter.php(349): CodeIgniter\CodeIgniter->handleRequest(null, Object(Config\Cache), false)
 9 FCPATH\index.php(55): CodeIgniter\CodeIgniter->run()
CRITICAL - 2022-10-15 10:53:48 --> Undefined variable: userdata
in APPPATH\Views\pages_account_settings_account.php on line 24.
 1 APPPATH\Views\pages_account_settings_account.php(24): CodeIgniter\Debug\Exceptions->errorHandler(8, 'Undefined variable: userdata', 'APPPATH\\Views\\pages_account_settings_account.php', 24, [])
 2 SYSTEMPATH\View\View.php(213): include('APPPATH\\Views\\pages_account_settings_account.php')
 3 SYSTEMPATH\View\View.php(216): CodeIgniter\View\View->CodeIgniter\View\{closure}()
 4 SYSTEMPATH\Common.php(1135): CodeIgniter\View\View->render('pages_account_settings_account', [], true)
 5 APPPATH\Controllers\Home2.php(24): view('pages_account_settings_account')
 6 SYSTEMPATH\CodeIgniter.php(896): App\Controllers\Home2->pages_account_settings_account()
 7 SYSTEMPATH\CodeIgniter.php(466): CodeIgniter\CodeIgniter->runController(Object(App\Controllers\Home2))
 8 SYSTEMPATH\CodeIgniter.php(349): CodeIgniter\CodeIgniter->handleRequest(null, Object(Config\Cache), false)
 9 FCPATH\index.php(55): CodeIgniter\CodeIgniter->run()
CRITICAL - 2022-10-15 10:53:50 --> Undefined variable: userdata
in APPPATH\Views\pages_account_settings_account.php on line 24.
 1 APPPATH\Views\pages_account_settings_account.php(24): CodeIgniter\Debug\Exceptions->errorHandler(8, 'Undefined variable: userdata', 'APPPATH\\Views\\pages_account_settings_account.php', 24, [])
 2 SYSTEMPATH\View\View.php(213): include('APPPATH\\Views\\pages_account_settings_account.php')
 3 SYSTEMPATH\View\View.php(216): CodeIgniter\View\View->CodeIgniter\View\{closure}()
 4 SYSTEMPATH\Common.php(1135): CodeIgniter\View\View->render('pages_account_settings_account', [], true)
 5 APPPATH\Controllers\Home2.php(24): view('pages_account_settings_account')
 6 SYSTEMPATH\CodeIgniter.php(896): App\Controllers\Home2->pages_account_settings_account()
 7 SYSTEMPATH\CodeIgniter.php(466): CodeIgniter\CodeIgniter->runController(Object(App\Controllers\Home2))
 8 SYSTEMPATH\CodeIgniter.php(349): CodeIgniter\CodeIgniter->handleRequest(null, Object(Config\Cache), false)
 9 FCPATH\index.php(55): CodeIgniter\CodeIgniter->run()
CRITICAL - 2022-10-15 10:53:50 --> Undefined variable: userdata
in APPPATH\Views\pages_account_settings_account.php on line 24.
 1 APPPATH\Views\pages_account_settings_account.php(24): CodeIgniter\Debug\Exceptions->errorHandler(8, 'Undefined variable: userdata', 'APPPATH\\Views\\pages_account_settings_account.php', 24, [])
 2 SYSTEMPATH\View\View.php(213): include('APPPATH\\Views\\pages_account_settings_account.php')
 3 SYSTEMPATH\View\View.php(216): CodeIgniter\View\View->CodeIgniter\View\{closure}()
 4 SYSTEMPATH\Common.php(1135): CodeIgniter\View\View->render('pages_account_settings_account', [], true)
 5 APPPATH\Controllers\Home2.php(24): view('pages_account_settings_account')
 6 SYSTEMPATH\CodeIgniter.php(896): App\Controllers\Home2->pages_account_settings_account()
 7 SYSTEMPATH\CodeIgniter.php(466): CodeIgniter\CodeIgniter->runController(Object(App\Controllers\Home2))
 8 SYSTEMPATH\CodeIgniter.php(349): CodeIgniter\CodeIgniter->handleRequest(null, Object(Config\Cache), false)
 9 FCPATH\index.php(55): CodeIgniter\CodeIgniter->run()
CRITICAL - 2022-10-15 10:53:51 --> Undefined variable: userdata
in APPPATH\Views\pages_account_settings_account.php on line 24.
 1 APPPATH\Views\pages_account_settings_account.php(24): CodeIgniter\Debug\Exceptions->errorHandler(8, 'Undefined variable: userdata', 'APPPATH\\Views\\pages_account_settings_account.php', 24, [])
 2 SYSTEMPATH\View\View.php(213): include('APPPATH\\Views\\pages_account_settings_account.php')
 3 SYSTEMPATH\View\View.php(216): CodeIgniter\View\View->CodeIgniter\View\{closure}()
 4 SYSTEMPATH\Common.php(1135): CodeIgniter\View\View->render('pages_account_settings_account', [], true)
 5 APPPATH\Controllers\Home2.php(24): view('pages_account_settings_account')
 6 SYSTEMPATH\CodeIgniter.php(896): App\Controllers\Home2->pages_account_settings_account()
 7 SYSTEMPATH\CodeIgniter.php(466): CodeIgniter\CodeIgniter->runController(Object(App\Controllers\Home2))
 8 SYSTEMPATH\CodeIgniter.php(349): CodeIgniter\CodeIgniter->handleRequest(null, Object(Config\Cache), false)
 9 FCPATH\index.php(55): CodeIgniter\CodeIgniter->run()
CRITICAL - 2022-10-15 10:53:51 --> Undefined variable: userdata
in APPPATH\Views\pages_account_settings_account.php on line 24.
 1 APPPATH\Views\pages_account_settings_account.php(24): CodeIgniter\Debug\Exceptions->errorHandler(8, 'Undefined variable: userdata', 'APPPATH\\Views\\pages_account_settings_account.php', 24, [])
 2 SYSTEMPATH\View\View.php(213): include('APPPATH\\Views\\pages_account_settings_account.php')
 3 SYSTEMPATH\View\View.php(216): CodeIgniter\View\View->CodeIgniter\View\{closure}()
 4 SYSTEMPATH\Common.php(1135): CodeIgniter\View\View->render('pages_account_settings_account', [], true)
 5 APPPATH\Controllers\Home2.php(24): view('pages_account_settings_account')
 6 SYSTEMPATH\CodeIgniter.php(896): App\Controllers\Home2->pages_account_settings_account()
 7 SYSTEMPATH\CodeIgniter.php(466): CodeIgniter\CodeIgniter->runController(Object(App\Controllers\Home2))
 8 SYSTEMPATH\CodeIgniter.php(349): CodeIgniter\CodeIgniter->handleRequest(null, Object(Config\Cache), false)
 9 FCPATH\index.php(55): CodeIgniter\CodeIgniter->run()
CRITICAL - 2022-10-15 10:53:51 --> Undefined variable: userdata
in APPPATH\Views\pages_account_settings_account.php on line 24.
 1 APPPATH\Views\pages_account_settings_account.php(24): CodeIgniter\Debug\Exceptions->errorHandler(8, 'Undefined variable: userdata', 'APPPATH\\Views\\pages_account_settings_account.php', 24, [])
 2 SYSTEMPATH\View\View.php(213): include('APPPATH\\Views\\pages_account_settings_account.php')
 3 SYSTEMPATH\View\View.php(216): CodeIgniter\View\View->CodeIgniter\View\{closure}()
 4 SYSTEMPATH\Common.php(1135): CodeIgniter\View\View->render('pages_account_settings_account', [], true)
 5 APPPATH\Controllers\Home2.php(24): view('pages_account_settings_account')
 6 SYSTEMPATH\CodeIgniter.php(896): App\Controllers\Home2->pages_account_settings_account()
 7 SYSTEMPATH\CodeIgniter.php(466): CodeIgniter\CodeIgniter->runController(Object(App\Controllers\Home2))
 8 SYSTEMPATH\CodeIgniter.php(349): CodeIgniter\CodeIgniter->handleRequest(null, Object(Config\Cache), false)
 9 FCPATH\index.php(55): CodeIgniter\CodeIgniter->run()
CRITICAL - 2022-10-15 10:53:51 --> Undefined variable: userdata
in APPPATH\Views\pages_account_settings_account.php on line 24.
 1 APPPATH\Views\pages_account_settings_account.php(24): CodeIgniter\Debug\Exceptions->errorHandler(8, 'Undefined variable: userdata', 'APPPATH\\Views\\pages_account_settings_account.php', 24, [])
 2 SYSTEMPATH\View\View.php(213): include('APPPATH\\Views\\pages_account_settings_account.php')
 3 SYSTEMPATH\View\View.php(216): CodeIgniter\View\View->CodeIgniter\View\{closure}()
 4 SYSTEMPATH\Common.php(1135): CodeIgniter\View\View->render('pages_account_settings_account', [], true)
 5 APPPATH\Controllers\Home2.php(24): view('pages_account_settings_account')
 6 SYSTEMPATH\CodeIgniter.php(896): App\Controllers\Home2->pages_account_settings_account()
 7 SYSTEMPATH\CodeIgniter.php(466): CodeIgniter\CodeIgniter->runController(Object(App\Controllers\Home2))
 8 SYSTEMPATH\CodeIgniter.php(349): CodeIgniter\CodeIgniter->handleRequest(null, Object(Config\Cache), false)
 9 FCPATH\index.php(55): CodeIgniter\CodeIgniter->run()
CRITICAL - 2022-10-15 10:53:51 --> Undefined variable: userdata
in APPPATH\Views\pages_account_settings_account.php on line 24.
 1 APPPATH\Views\pages_account_settings_account.php(24): CodeIgniter\Debug\Exceptions->errorHandler(8, 'Undefined variable: userdata', 'APPPATH\\Views\\pages_account_settings_account.php', 24, [])
 2 SYSTEMPATH\View\View.php(213): include('APPPATH\\Views\\pages_account_settings_account.php')
 3 SYSTEMPATH\View\View.php(216): CodeIgniter\View\View->CodeIgniter\View\{closure}()
 4 SYSTEMPATH\Common.php(1135): CodeIgniter\View\View->render('pages_account_settings_account', [], true)
 5 APPPATH\Controllers\Home2.php(24): view('pages_account_settings_account')
 6 SYSTEMPATH\CodeIgniter.php(896): App\Controllers\Home2->pages_account_settings_account()
 7 SYSTEMPATH\CodeIgniter.php(466): CodeIgniter\CodeIgniter->runController(Object(App\Controllers\Home2))
 8 SYSTEMPATH\CodeIgniter.php(349): CodeIgniter\CodeIgniter->handleRequest(null, Object(Config\Cache), false)
 9 FCPATH\index.php(55): CodeIgniter\CodeIgniter->run()
CRITICAL - 2022-10-15 10:53:51 --> Undefined variable: userdata
in APPPATH\Views\pages_account_settings_account.php on line 24.
 1 APPPATH\Views\pages_account_settings_account.php(24): CodeIgniter\Debug\Exceptions->errorHandler(8, 'Undefined variable: userdata', 'APPPATH\\Views\\pages_account_settings_account.php', 24, [])
 2 SYSTEMPATH\View\View.php(213): include('APPPATH\\Views\\pages_account_settings_account.php')
 3 SYSTEMPATH\View\View.php(216): CodeIgniter\View\View->CodeIgniter\View\{closure}()
 4 SYSTEMPATH\Common.php(1135): CodeIgniter\View\View->render('pages_account_settings_account', [], true)
 5 APPPATH\Controllers\Home2.php(24): view('pages_account_settings_account')
 6 SYSTEMPATH\CodeIgniter.php(896): App\Controllers\Home2->pages_account_settings_account()
 7 SYSTEMPATH\CodeIgniter.php(466): CodeIgniter\CodeIgniter->runController(Object(App\Controllers\Home2))
 8 SYSTEMPATH\CodeIgniter.php(349): CodeIgniter\CodeIgniter->handleRequest(null, Object(Config\Cache), false)
 9 FCPATH\index.php(55): CodeIgniter\CodeIgniter->run()
CRITICAL - 2022-10-15 10:54:33 --> Undefined variable: userdata
in APPPATH\Views\pages_account_settings_account.php on line 24.
 1 APPPATH\Views\pages_account_settings_account.php(24): CodeIgniter\Debug\Exceptions->errorHandler(8, 'Undefined variable: userdata', 'APPPATH\\Views\\pages_account_settings_account.php', 24, [])
 2 SYSTEMPATH\View\View.php(213): include('APPPATH\\Views\\pages_account_settings_account.php')
 3 SYSTEMPATH\View\View.php(216): CodeIgniter\View\View->CodeIgniter\View\{closure}()
 4 SYSTEMPATH\Common.php(1135): CodeIgniter\View\View->render('pages_account_settings_account', [], true)
 5 APPPATH\Controllers\Home2.php(24): view('pages_account_settings_account')
 6 SYSTEMPATH\CodeIgniter.php(896): App\Controllers\Home2->pages_account_settings_account()
 7 SYSTEMPATH\CodeIgniter.php(466): CodeIgniter\CodeIgniter->runController(Object(App\Controllers\Home2))
 8 SYSTEMPATH\CodeIgniter.php(349): CodeIgniter\CodeIgniter->handleRequest(null, Object(Config\Cache), false)
 9 FCPATH\index.php(55): CodeIgniter\CodeIgniter->run()
CRITICAL - 2022-10-15 10:58:50 --> Undefined variable: userdata
in APPPATH\Views\pages_account_settings_account.php on line 24.
 1 APPPATH\Views\pages_account_settings_account.php(24): CodeIgniter\Debug\Exceptions->errorHandler(8, 'Undefined variable: userdata', 'APPPATH\\Views\\pages_account_settings_account.php', 24, [])
 2 SYSTEMPATH\View\View.php(213): include('APPPATH\\Views\\pages_account_settings_account.php')
 3 SYSTEMPATH\View\View.php(216): CodeIgniter\View\View->CodeIgniter\View\{closure}()
 4 SYSTEMPATH\Common.php(1135): CodeIgniter\View\View->render('pages_account_settings_account', [], true)
 5 APPPATH\Controllers\Home2.php(24): view('pages_account_settings_account')
 6 SYSTEMPATH\CodeIgniter.php(896): App\Controllers\Home2->pages_account_settings_account()
 7 SYSTEMPATH\CodeIgniter.php(466): CodeIgniter\CodeIgniter->runController(Object(App\Controllers\Home2))
 8 SYSTEMPATH\CodeIgniter.php(349): CodeIgniter\CodeIgniter->handleRequest(null, Object(Config\Cache), false)
 9 FCPATH\index.php(55): CodeIgniter\CodeIgniter->run()
CRITICAL - 2022-10-15 10:58:54 --> Undefined variable: userdata
in APPPATH\Views\pages_account_settings_account.php on line 24.
 1 APPPATH\Views\pages_account_settings_account.php(24): CodeIgniter\Debug\Exceptions->errorHandler(8, 'Undefined variable: userdata', 'APPPATH\\Views\\pages_account_settings_account.php', 24, [])
 2 SYSTEMPATH\View\View.php(213): include('APPPATH\\Views\\pages_account_settings_account.php')
 3 SYSTEMPATH\View\View.php(216): CodeIgniter\View\View->CodeIgniter\View\{closure}()
 4 SYSTEMPATH\Common.php(1135): CodeIgniter\View\View->render('pages_account_settings_account', [], true)
 5 APPPATH\Controllers\Home2.php(24): view('pages_account_settings_account')
 6 SYSTEMPATH\CodeIgniter.php(896): App\Controllers\Home2->pages_account_settings_account()
 7 SYSTEMPATH\CodeIgniter.php(466): CodeIgniter\CodeIgniter->runController(Object(App\Controllers\Home2))
 8 SYSTEMPATH\CodeIgniter.php(349): CodeIgniter\CodeIgniter->handleRequest(null, Object(Config\Cache), false)
 9 FCPATH\index.php(55): CodeIgniter\CodeIgniter->run()
CRITICAL - 2022-10-15 10:58:55 --> Undefined variable: userdata
in APPPATH\Views\pages_account_settings_account.php on line 24.
 1 APPPATH\Views\pages_account_settings_account.php(24): CodeIgniter\Debug\Exceptions->errorHandler(8, 'Undefined variable: userdata', 'APPPATH\\Views\\pages_account_settings_account.php', 24, [])
 2 SYSTEMPATH\View\View.php(213): include('APPPATH\\Views\\pages_account_settings_account.php')
 3 SYSTEMPATH\View\View.php(216): CodeIgniter\View\View->CodeIgniter\View\{closure}()
 4 SYSTEMPATH\Common.php(1135): CodeIgniter\View\View->render('pages_account_settings_account', [], true)
 5 APPPATH\Controllers\Home2.php(24): view('pages_account_settings_account')
 6 SYSTEMPATH\CodeIgniter.php(896): App\Controllers\Home2->pages_account_settings_account()
 7 SYSTEMPATH\CodeIgniter.php(466): CodeIgniter\CodeIgniter->runController(Object(App\Controllers\Home2))
 8 SYSTEMPATH\CodeIgniter.php(349): CodeIgniter\CodeIgniter->handleRequest(null, Object(Config\Cache), false)
 9 FCPATH\index.php(55): CodeIgniter\CodeIgniter->run()
CRITICAL - 2022-10-15 10:58:55 --> Undefined variable: userdata
in APPPATH\Views\pages_account_settings_account.php on line 24.
 1 APPPATH\Views\pages_account_settings_account.php(24): CodeIgniter\Debug\Exceptions->errorHandler(8, 'Undefined variable: userdata', 'APPPATH\\Views\\pages_account_settings_account.php', 24, [])
 2 SYSTEMPATH\View\View.php(213): include('APPPATH\\Views\\pages_account_settings_account.php')
 3 SYSTEMPATH\View\View.php(216): CodeIgniter\View\View->CodeIgniter\View\{closure}()
 4 SYSTEMPATH\Common.php(1135): CodeIgniter\View\View->render('pages_account_settings_account', [], true)
 5 APPPATH\Controllers\Home2.php(24): view('pages_account_settings_account')
 6 SYSTEMPATH\CodeIgniter.php(896): App\Controllers\Home2->pages_account_settings_account()
 7 SYSTEMPATH\CodeIgniter.php(466): CodeIgniter\CodeIgniter->runController(Object(App\Controllers\Home2))
 8 SYSTEMPATH\CodeIgniter.php(349): CodeIgniter\CodeIgniter->handleRequest(null, Object(Config\Cache), false)
 9 FCPATH\index.php(55): CodeIgniter\CodeIgniter->run()
CRITICAL - 2022-10-15 10:58:55 --> Undefined variable: userdata
in APPPATH\Views\pages_account_settings_account.php on line 24.
 1 APPPATH\Views\pages_account_settings_account.php(24): CodeIgniter\Debug\Exceptions->errorHandler(8, 'Undefined variable: userdata', 'APPPATH\\Views\\pages_account_settings_account.php', 24, [])
 2 SYSTEMPATH\View\View.php(213): include('APPPATH\\Views\\pages_account_settings_account.php')
 3 SYSTEMPATH\View\View.php(216): CodeIgniter\View\View->CodeIgniter\View\{closure}()
 4 SYSTEMPATH\Common.php(1135): CodeIgniter\View\View->render('pages_account_settings_account', [], true)
 5 APPPATH\Controllers\Home2.php(24): view('pages_account_settings_account')
 6 SYSTEMPATH\CodeIgniter.php(896): App\Controllers\Home2->pages_account_settings_account()
 7 SYSTEMPATH\CodeIgniter.php(466): CodeIgniter\CodeIgniter->runController(Object(App\Controllers\Home2))
 8 SYSTEMPATH\CodeIgniter.php(349): CodeIgniter\CodeIgniter->handleRequest(null, Object(Config\Cache), false)
 9 FCPATH\index.php(55): CodeIgniter\CodeIgniter->run()
CRITICAL - 2022-10-15 10:58:56 --> Undefined variable: userdata
in APPPATH\Views\pages_account_settings_account.php on line 24.
 1 APPPATH\Views\pages_account_settings_account.php(24): CodeIgniter\Debug\Exceptions->errorHandler(8, 'Undefined variable: userdata', 'APPPATH\\Views\\pages_account_settings_account.php', 24, [])
 2 SYSTEMPATH\View\View.php(213): include('APPPATH\\Views\\pages_account_settings_account.php')
 3 SYSTEMPATH\View\View.php(216): CodeIgniter\View\View->CodeIgniter\View\{closure}()
 4 SYSTEMPATH\Common.php(1135): CodeIgniter\View\View->render('pages_account_settings_account', [], true)
 5 APPPATH\Controllers\Home2.php(24): view('pages_account_settings_account')
 6 SYSTEMPATH\CodeIgniter.php(896): App\Controllers\Home2->pages_account_settings_account()
 7 SYSTEMPATH\CodeIgniter.php(466): CodeIgniter\CodeIgniter->runController(Object(App\Controllers\Home2))
 8 SYSTEMPATH\CodeIgniter.php(349): CodeIgniter\CodeIgniter->handleRequest(null, Object(Config\Cache), false)
 9 FCPATH\index.php(55): CodeIgniter\CodeIgniter->run()
CRITICAL - 2022-10-15 10:58:56 --> Undefined variable: userdata
in APPPATH\Views\pages_account_settings_account.php on line 24.
 1 APPPATH\Views\pages_account_settings_account.php(24): CodeIgniter\Debug\Exceptions->errorHandler(8, 'Undefined variable: userdata', 'APPPATH\\Views\\pages_account_settings_account.php', 24, [])
 2 SYSTEMPATH\View\View.php(213): include('APPPATH\\Views\\pages_account_settings_account.php')
 3 SYSTEMPATH\View\View.php(216): CodeIgniter\View\View->CodeIgniter\View\{closure}()
 4 SYSTEMPATH\Common.php(1135): CodeIgniter\View\View->render('pages_account_settings_account', [], true)
 5 APPPATH\Controllers\Home2.php(24): view('pages_account_settings_account')
 6 SYSTEMPATH\CodeIgniter.php(896): App\Controllers\Home2->pages_account_settings_account()
 7 SYSTEMPATH\CodeIgniter.php(466): CodeIgniter\CodeIgniter->runController(Object(App\Controllers\Home2))
 8 SYSTEMPATH\CodeIgniter.php(349): CodeIgniter\CodeIgniter->handleRequest(null, Object(Config\Cache), false)
 9 FCPATH\index.php(55): CodeIgniter\CodeIgniter->run()
CRITICAL - 2022-10-15 10:58:56 --> Undefined variable: userdata
in APPPATH\Views\pages_account_settings_account.php on line 24.
 1 APPPATH\Views\pages_account_settings_account.php(24): CodeIgniter\Debug\Exceptions->errorHandler(8, 'Undefined variable: userdata', 'APPPATH\\Views\\pages_account_settings_account.php', 24, [])
 2 SYSTEMPATH\View\View.php(213): include('APPPATH\\Views\\pages_account_settings_account.php')
 3 SYSTEMPATH\View\View.php(216): CodeIgniter\View\View->CodeIgniter\View\{closure}()
 4 SYSTEMPATH\Common.php(1135): CodeIgniter\View\View->render('pages_account_settings_account', [], true)
 5 APPPATH\Controllers\Home2.php(24): view('pages_account_settings_account')
 6 SYSTEMPATH\CodeIgniter.php(896): App\Controllers\Home2->pages_account_settings_account()
 7 SYSTEMPATH\CodeIgniter.php(466): CodeIgniter\CodeIgniter->runController(Object(App\Controllers\Home2))
 8 SYSTEMPATH\CodeIgniter.php(349): CodeIgniter\CodeIgniter->handleRequest(null, Object(Config\Cache), false)
 9 FCPATH\index.php(55): CodeIgniter\CodeIgniter->run()
CRITICAL - 2022-10-15 10:58:56 --> Undefined variable: userdata
in APPPATH\Views\pages_account_settings_account.php on line 24.
 1 APPPATH\Views\pages_account_settings_account.php(24): CodeIgniter\Debug\Exceptions->errorHandler(8, 'Undefined variable: userdata', 'APPPATH\\Views\\pages_account_settings_account.php', 24, [])
 2 SYSTEMPATH\View\View.php(213): include('APPPATH\\Views\\pages_account_settings_account.php')
 3 SYSTEMPATH\View\View.php(216): CodeIgniter\View\View->CodeIgniter\View\{closure}()
 4 SYSTEMPATH\Common.php(1135): CodeIgniter\View\View->render('pages_account_settings_account', [], true)
 5 APPPATH\Controllers\Home2.php(24): view('pages_account_settings_account')
 6 SYSTEMPATH\CodeIgniter.php(896): App\Controllers\Home2->pages_account_settings_account()
 7 SYSTEMPATH\CodeIgniter.php(466): CodeIgniter\CodeIgniter->runController(Object(App\Controllers\Home2))
 8 SYSTEMPATH\CodeIgniter.php(349): CodeIgniter\CodeIgniter->handleRequest(null, Object(Config\Cache), false)
 9 FCPATH\index.php(55): CodeIgniter\CodeIgniter->run()
CRITICAL - 2022-10-15 11:00:07 --> Object of class stdClass could not be converted to string
in APPPATH\Controllers\UserDashboardController.php on line 33.
 1 SYSTEMPATH\CodeIgniter.php(896): App\Controllers\UserDashboardController->edit_profile()
 2 SYSTEMPATH\CodeIgniter.php(466): CodeIgniter\CodeIgniter->runController(Object(App\Controllers\UserDashboardController))
 3 SYSTEMPATH\CodeIgniter.php(349): CodeIgniter\CodeIgniter->handleRequest(null, Object(Config\Cache), false)
 4 FCPATH\index.php(55): CodeIgniter\CodeIgniter->run()
CRITICAL - 2022-10-15 11:00:13 --> Object of class stdClass could not be converted to string
in APPPATH\Controllers\UserDashboardController.php on line 33.
 1 SYSTEMPATH\CodeIgniter.php(896): App\Controllers\UserDashboardController->edit_profile()
 2 SYSTEMPATH\CodeIgniter.php(466): CodeIgniter\CodeIgniter->runController(Object(App\Controllers\UserDashboardController))
 3 SYSTEMPATH\CodeIgniter.php(349): CodeIgniter\CodeIgniter->handleRequest(null, Object(Config\Cache), false)
 4 FCPATH\index.php(55): CodeIgniter\CodeIgniter->run()
CRITICAL - 2022-10-15 11:00:13 --> Object of class stdClass could not be converted to string
in APPPATH\Controllers\UserDashboardController.php on line 33.
 1 SYSTEMPATH\CodeIgniter.php(896): App\Controllers\UserDashboardController->edit_profile()
 2 SYSTEMPATH\CodeIgniter.php(466): CodeIgniter\CodeIgniter->runController(Object(App\Controllers\UserDashboardController))
 3 SYSTEMPATH\CodeIgniter.php(349): CodeIgniter\CodeIgniter->handleRequest(null, Object(Config\Cache), false)
 4 FCPATH\index.php(55): CodeIgniter\CodeIgniter->run()
CRITICAL - 2022-10-15 11:02:29 --> Undefined variable: userdata
in APPPATH\Views\pages_account_settings_account.php on line 24.
 1 APPPATH\Views\pages_account_settings_account.php(24): CodeIgniter\Debug\Exceptions->errorHandler(8, 'Undefined variable: userdata', 'APPPATH\\Views\\pages_account_settings_account.php', 24, [...])
 2 SYSTEMPATH\View\View.php(213): include('APPPATH\\Views\\pages_account_settings_account.php')
 3 SYSTEMPATH\View\View.php(216): CodeIgniter\View\View->CodeIgniter\View\{closure}()
 4 SYSTEMPATH\Common.php(1135): CodeIgniter\View\View->render('pages_account_settings_account', [], true)
 5 APPPATH\Controllers\UserDashboardController.php(112): view('pages_account_settings_account', [...])
 6 SYSTEMPATH\CodeIgniter.php(896): App\Controllers\UserDashboardController->editProfile()
 7 SYSTEMPATH\CodeIgniter.php(466): CodeIgniter\CodeIgniter->runController(Object(App\Controllers\UserDashboardController))
 8 SYSTEMPATH\CodeIgniter.php(349): CodeIgniter\CodeIgniter->handleRequest(null, Object(Config\Cache), false)
 9 FCPATH\index.php(55): CodeIgniter\CodeIgniter->run()
CRITICAL - 2022-10-15 11:10:45 --> Undefined variable: userdata
in APPPATH\Views\pages_account_settings_account.php on line 24.
 1 APPPATH\Views\pages_account_settings_account.php(24): CodeIgniter\Debug\Exceptions->errorHandler(8, 'Undefined variable: userdata', 'APPPATH\\Views\\pages_account_settings_account.php', 24, [...])
 2 SYSTEMPATH\View\View.php(213): include('APPPATH\\Views\\pages_account_settings_account.php')
 3 SYSTEMPATH\View\View.php(216): CodeIgniter\View\View->CodeIgniter\View\{closure}()
 4 SYSTEMPATH\Common.php(1135): CodeIgniter\View\View->render('pages_account_settings_account', [], true)
 5 APPPATH\Controllers\UserDashboardController.php(111): view('pages_account_settings_account', [...])
 6 SYSTEMPATH\CodeIgniter.php(896): App\Controllers\UserDashboardController->editProfile()
 7 SYSTEMPATH\CodeIgniter.php(466): CodeIgniter\CodeIgniter->runController(Object(App\Controllers\UserDashboardController))
 8 SYSTEMPATH\CodeIgniter.php(349): CodeIgniter\CodeIgniter->handleRequest(null, Object(Config\Cache), false)
 9 FCPATH\index.php(55): CodeIgniter\CodeIgniter->run()
CRITICAL - 2022-10-15 11:12:09 --> Undefined variable: userdata
in APPPATH\Views\pages_account_settings_account.php on line 24.
 1 APPPATH\Views\pages_account_settings_account.php(24): CodeIgniter\Debug\Exceptions->errorHandler(8, 'Undefined variable: userdata', 'APPPATH\\Views\\pages_account_settings_account.php', 24, [...])
 2 SYSTEMPATH\View\View.php(213): include('APPPATH\\Views\\pages_account_settings_account.php')
 3 SYSTEMPATH\View\View.php(216): CodeIgniter\View\View->CodeIgniter\View\{closure}()
 4 SYSTEMPATH\Common.php(1135): CodeIgniter\View\View->render('pages_account_settings_account', [], true)
 5 APPPATH\Controllers\UserDashboardController.php(110): view('pages_account_settings_account', [...])
 6 SYSTEMPATH\CodeIgniter.php(896): App\Controllers\UserDashboardController->editProfile()
 7 SYSTEMPATH\CodeIgniter.php(466): CodeIgniter\CodeIgniter->runController(Object(App\Controllers\UserDashboardController))
 8 SYSTEMPATH\CodeIgniter.php(349): CodeIgniter\CodeIgniter->handleRequest(null, Object(Config\Cache), false)
 9 FCPATH\index.php(55): CodeIgniter\CodeIgniter->run()
CRITICAL - 2022-10-15 11:14:40 --> Undefined variable: userdata
in APPPATH\Views\pages_account_settings_account.php on line 26.
 1 APPPATH\Views\pages_account_settings_account.php(26): CodeIgniter\Debug\Exceptions->errorHandler(8, 'Undefined variable: userdata', 'APPPATH\\Views\\pages_account_settings_account.php', 26, [...])
 2 SYSTEMPATH\View\View.php(213): include('APPPATH\\Views\\pages_account_settings_account.php')
 3 SYSTEMPATH\View\View.php(216): CodeIgniter\View\View->CodeIgniter\View\{closure}()
 4 SYSTEMPATH\Common.php(1135): CodeIgniter\View\View->render('pages_account_settings_account', [], true)
 5 APPPATH\Controllers\UserDashboardController.php(110): view('pages_account_settings_account', [...])
 6 SYSTEMPATH\CodeIgniter.php(896): App\Controllers\UserDashboardController->editProfile()
 7 SYSTEMPATH\CodeIgniter.php(466): CodeIgniter\CodeIgniter->runController(Object(App\Controllers\UserDashboardController))
 8 SYSTEMPATH\CodeIgniter.php(349): CodeIgniter\CodeIgniter->handleRequest(null, Object(Config\Cache), false)
 9 FCPATH\index.php(55): CodeIgniter\CodeIgniter->run()
CRITICAL - 2022-10-15 11:18:42 --> Undefined variable: userdata
in APPPATH\Views\pages_account_settings_account.php on line 25.
 1 APPPATH\Views\pages_account_settings_account.php(25): CodeIgniter\Debug\Exceptions->errorHandler(8, 'Undefined variable: userdata', 'APPPATH\\Views\\pages_account_settings_account.php', 25, [...])
 2 SYSTEMPATH\View\View.php(213): include('APPPATH\\Views\\pages_account_settings_account.php')
 3 SYSTEMPATH\View\View.php(216): CodeIgniter\View\View->CodeIgniter\View\{closure}()
 4 SYSTEMPATH\Common.php(1135): CodeIgniter\View\View->render('pages_account_settings_account', [], true)
 5 APPPATH\Controllers\UserDashboardController.php(110): view('pages_account_settings_account', [...])
 6 SYSTEMPATH\CodeIgniter.php(896): App\Controllers\UserDashboardController->editProfile()
 7 SYSTEMPATH\CodeIgniter.php(466): CodeIgniter\CodeIgniter->runController(Object(App\Controllers\UserDashboardController))
 8 SYSTEMPATH\CodeIgniter.php(349): CodeIgniter\CodeIgniter->handleRequest(null, Object(Config\Cache), false)
 9 FCPATH\index.php(55): CodeIgniter\CodeIgniter->run()
ERROR - 2022-10-15 11:49:30 --> You have an error in your SQL syntax; check the manual that corresponds to your MariaDB server version for the right syntax to use near 'where email='samarthdadhaniya7@gmail.com'' at line 1
CRITICAL - 2022-10-15 11:49:30 --> You have an error in your SQL syntax; check the manual that corresponds to your MariaDB server version for the right syntax to use near 'where email='samarthdadhaniya7@gmail.com'' at line 1
in SYSTEMPATH\Database\MySQLi\Connection.php on line 292.
 1 SYSTEMPATH\Database\MySQLi\Connection.php(292): mysqli->query('update register set fullname=\'Samarth\', email=\'samarthdadhanikya7@gmail.com\',password=\'87654321@Sa\',profilepic=\'C:\\xampp\\tmp\\phpA184.tmp\', unique_id=\'42bca92e043d44e6d334c3c72951a0b8\', where email=\'samarthdadhaniya7@gmail.com\'', 0)
 2 SYSTEMPATH\Database\BaseConnection.php(695): CodeIgniter\Database\MySQLi\Connection->execute('update register set fullname=\'Samarth\', email=\'samarthdadhanikya7@gmail.com\',password=\'87654321@Sa\',profilepic=\'C:\\xampp\\tmp\\phpA184.tmp\', unique_id=\'42bca92e043d44e6d334c3c72951a0b8\', where email=\'samarthdadhaniya7@gmail.com\'')
 3 SYSTEMPATH\Database\BaseConnection.php(609): CodeIgniter\Database\BaseConnection->simpleQuery('update register set fullname=\'Samarth\', email=\'samarthdadhanikya7@gmail.com\',password=\'87654321@Sa\',profilepic=\'C:\\xampp\\tmp\\phpA184.tmp\', unique_id=\'42bca92e043d44e6d334c3c72951a0b8\', where email=\'samarthdadhaniya7@gmail.com\'')
 4 APPPATH\Models\Edit_profile_model.php(22): CodeIgniter\Database\BaseConnection->query('update register set fullname=\'Samarth\', email=\'samarthdadhanikya7@gmail.com\',password=\'87654321@Sa\',profilepic=\'C:\\xampp\\tmp\\phpA184.tmp\', unique_id=\'42bca92e043d44e6d334c3c72951a0b8\', where email=\'samarthdadhaniya7@gmail.com\'')
 5 APPPATH\Controllers\UserDashboardController.php(98): App\Models\Edit_profile_model->update_data('samarthdadhaniya7@gmail.com', 'Samarth', 'samarthdadhanikya7@gmail.com', '87654321@Sa', 'C:\\xampp\\tmp\\phpA184.tmp', '42bca92e043d44e6d334c3c72951a0b8')
 6 SYSTEMPATH\CodeIgniter.php(896): App\Controllers\UserDashboardController->editProfile()
 7 SYSTEMPATH\CodeIgniter.php(466): CodeIgniter\CodeIgniter->runController(Object(App\Controllers\UserDashboardController))
 8 SYSTEMPATH\CodeIgniter.php(349): CodeIgniter\CodeIgniter->handleRequest(null, Object(Config\Cache), false)
 9 FCPATH\index.php(55): CodeIgniter\CodeIgniter->run()
CRITICAL - 2022-10-15 12:53:24 --> Argument 1 passed to App\Models\Edit_profile_model::update_data() must be of the type string, null given, called in C:\xampp\htdocs\main\app\Controllers\UserDashboardController.php on line 99
in APPPATH\Models\Edit_profile_model.php on line 19.
 1 APPPATH\Controllers\UserDashboardController.php(99): App\Models\Edit_profile_model->update_data(null, 'Harshil', 'hadiyalharshil5@gmail.com', '87654321@Sa', '1665856404_078c9bc0172d7665676c.jpg')
 2 SYSTEMPATH\CodeIgniter.php(896): App\Controllers\UserDashboardController->editProfile()
 3 SYSTEMPATH\CodeIgniter.php(466): CodeIgniter\CodeIgniter->runController(Object(App\Controllers\UserDashboardController))
 4 SYSTEMPATH\CodeIgniter.php(349): CodeIgniter\CodeIgniter->handleRequest(null, Object(Config\Cache), false)
 5 FCPATH\index.php(55): CodeIgniter\CodeIgniter->run()
